#
# A fatal error has been detected by the Java Runtime Environment:
#
#  EXCEPTION_ACCESS_VIOLATION (0xc0000005) at pc=0x0000024e0888ba14, pid=7756, tid=13160
#
# JRE version: OpenJDK Runtime Environment (11.0.13) (build 11.0.13+0-b1751.21-8125866)
# Java VM: OpenJDK 64-Bit Server VM (11.0.13+0-b1751.21-8125866, mixed mode, tiered, compressed oops, g1 gc, windows-amd64)
# Problematic frame:
# J 18613 c1 com.google.common.collect.ObjectArrays.checkElementsNotNull([Ljava/lang/Object;I)[Ljava/lang/Object; (23 bytes) @ 0x0000024e0888ba14 [0x0000024e0888b9e0+0x0000000000000034]
#
# No core dump will be written. Minidumps are not enabled by default on client versions of Windows
#
# If you would like to submit a bug report, please visit:
#   https://bugreport.java.com/bugreport/crash.jsp
#

---------------  S U M M A R Y ------------

Command Line: --add-opens=java.base/java.util=ALL-UNNAMED --add-opens=java.base/java.lang=ALL-UNNAMED --add-opens=java.base/java.lang.invoke=ALL-UNNAMED --add-opens=java.base/java.util=ALL-UNNAMED --add-opens=java.prefs/java.util.prefs=ALL-UNNAMED --add-opens=java.prefs/java.util.prefs=ALL-UNNAMED --add-opens=java.base/java.nio.charset=ALL-UNNAMED --add-opens=java.base/java.net=ALL-UNNAMED --add-opens=java.base/java.util.concurrent.atomic=ALL-UNNAMED -Xmx2048m -Dfile.encoding=UTF-8 -Duser.country=US -Duser.language=en -Duser.variant org.gradle.launcher.daemon.bootstrap.GradleDaemon 7.4

Host: Intel(R) Core(TM) i3-3220 CPU @ 3.30GHz, 4 cores, 7G,  Windows 10 , 64 bit Build 19041 (10.0.19041.1889)
Time: Fri Nov  4 12:55:58 2022 India Standard Time elapsed time: 240.252895 seconds (0d 0h 4m 0s)

---------------  T H R E A D  ---------------

Current thread (0x0000024e29e64800):  JavaThread "WorkerExecutor Queue Thread 2" [_thread_in_Java, id=13160, stack(0x0000007334a00000,0x0000007334b00000)]

Stack: [0x0000007334a00000,0x0000007334b00000],  sp=0x0000007334afdab0,  free space=1014k
Native frames: (J=compiled Java code, j=interpreted, Vv=VM code, C=native code)
C  0x0000024e0888ba14


siginfo: EXCEPTION_ACCESS_VIOLATION (0xc0000005), writing address 0x0000024dab95aa9f


Register to memory mapping:

RIP=0x0000024e0888ba14 is at entry_point+52 in (nmethod*)0x0000024e0888b810
RAX={method} {0x0000024e2786a9a8} 'checkElementsNotNull' '([Ljava/lang/Object;I)[Ljava/lang/Object;' in 'com/google/common/collect/ObjectArrays'
RBX={method} {0x0000024e2786a9a8} 'checkElementsNotNull' '([Ljava/lang/Object;I)[Ljava/lang/Object;' in 'com/google/common/collect/ObjectArrays'
RCX=0x0000024e2786ab00 is pointing into metadata
RDX=0x000000008b1b2b70 is an oop: [Ljava.lang.Object; 
{0x000000008b1b2b70} - klass: 'java/lang/Object'[]
 - length: 0
RSP=0x0000007334afdab0 is pointing into the stack for thread: 0x0000024e29e64800
RBP=0x0000007334afdb68 is pointing into the stack for thread: 0x0000024e29e64800
RSI=0x0000024e2d97c148 is pointing into metadata
RDI=0x0000000000000081 is an unknown value
R8 =0x0 is NULL
R9 =0x0000024e25d00e70 points into unknown readable memory: 0x0000003c00000003 | 03 00 00 00 3c 00 00 00
R10=0x00007fff5c6a5d10 jvm.dll
R11=0x0000024e0888b9e0 is at entry_point+0 in (nmethod*)0x0000024e0888b810
R12=0x0 is NULL
R13=0x0000007334afdb10 is pointing into the stack for thread: 0x0000024e29e64800
R14=0x0000007334afdb78 is pointing into the stack for thread: 0x0000024e29e64800
R15=0x0000024e29e64800 is a thread


Registers:
RAX=0x0000024e2786a9a0, RBX=0x0000024e2786a9a0, RCX=0x0000024e2786ab00, RDX=0x000000008b1b2b70
RSP=0x0000007334afdab0, RBP=0x0000007334afdb68, RSI=0x0000024e2d97c148, RDI=0x0000000000000081
R8 =0x0000000000000000, R9 =0x0000024e25d00e70, R10=0x00007fff5c6a5d10, R11=0x0000024e0888b9e0
R12=0x0000000000000000, R13=0x0000007334afdb10, R14=0x0000007334afdb78, R15=0x0000024e29e64800
RIP=0x0000024e0888ba14, EFLAGS=0x0000000000010286

Top of Stack: (sp=0x0000007334afdab0)
0x0000007334afdab0:   00000000000000b8 0000024e29e64800
0x0000007334afdac0:   0000024e27858550 0000024e29e64800
0x0000007334afdad0:   0000000034afdc40 000000008b1b2b70
0x0000007334afdae0:   0000024e080c8e10 0000007300000000
0x0000007334afdaf0:   0000007334afdb68 0000024e080ca240
0x0000007334afdb00:   0000024e2d4962b8 0000024e080ca240
0x0000007334afdb10:   0000000000000000 000000008b1b2b70
0x0000007334afdb20:   0000007334afdb20 0000024e2786a8ab
0x0000007334afdb30:   0000007334afdb78 0000024e2786ab00
0x0000007334afdb40:   0000000000000000 0000000083137c50
0x0000007334afdb50:   0000024e2786a8c8 0000007334afdb10
0x0000007334afdb60:   0000007334afdb78 0000007334afdbc8
0x0000007334afdb70:   0000024e080ca240 000000008b1b2b70
0x0000007334afdb80:   0000007334afdb80 0000024e278589b1
0x0000007334afdb90:   0000007334afdbd8 0000024e27868db8
0x0000007334afdba0:   0000000000000000 0000000083137308 

Instructions: (pc=0x0000024e0888ba14)
0x0000024e0888b914:   4e 02 00 00 e0 b9 88 08 4e 02 00 00 e0 b9 88 08
0x0000024e0888b924:   4e 02 00 00 a4 03 00 00 46 03 00 00 d0 01 00 00
0x0000024e0888b934:   90 03 00 00 d8 03 00 00 e0 03 00 00 00 00 00 00
0x0000024e0888b944:   28 04 00 00 b8 04 00 00 c0 04 00 00 c0 04 00 00
0x0000024e0888b954:   d8 04 00 00 30 00 00 00 b5 48 00 00 03 00 00 00
0x0000024e0888b964:   00 00 00 00 00 00 00 00 02 00 00 00 00 00 00 00
0x0000024e0888b974:   00 00 00 00 e0 01 00 00 ff ff ff ff ff ff ff ff
0x0000024e0888b984:   00 00 00 00 16 c0 42 c0 1f 44 0b c0 2f a0 03 c0
0x0000024e0888b994:   1d c0 45 b0 04 c0 17 64 0a 64 05 64 0e 64 05 c0
0x0000024e0888b9a4:   17 64 3a 64 1c 00 01 f8 89 ff 05 50 00 c0 0a 64
0x0000024e0888b9b4:   05 64 03 f8 48 5c 88 09 ff 7f 05 70 0e 60 01 f8
0x0000024e0888b9c4:   2e ff 0e 90 0c 64 00 00 00 00 00 00 00 00 00 00
0x0000024e0888b9d4:   00 00 00 00 00 00 00 00 00 00 00 00 89 84 24 00
0x0000024e0888b9e4:   90 ff ff 55 48 83 ec 40 48 89 54 24 28 44 89 44
0x0000024e0888b9f4:   24 24 48 be 48 c1 97 2d 4e 02 00 00 8b be 04 01
0x0000024e0888ba04:   00 00 83 c7 08 a9 be 04 01 00 00 81 e7 f8 1f 00
0x0000024e0888ba14:   00 83 ff 00 0f 84 dc 00 00 00 be 00 00 00 00 e9
0x0000024e0888ba24:   86 00 00 00 3b 72 0c 0f 83 f4 00 00 00 48 63 fe
0x0000024e0888ba34:   8b 7c ba 10 48 bb 48 c1 97 2d 4e 02 00 00 48 83
0x0000024e0888ba44:   83 60 01 00 00 01 48 8b d7 4c 8b c6 89 74 24 20
0x0000024e0888ba54:   66 66 90 e8 a4 17 5c 02 8b 74 24 20 ff c6 48 b8
0x0000024e0888ba64:   48 c1 97 2d 4e 02 00 00 8b b8 08 01 00 00 83 c7
0x0000024e0888ba74:   08 89 b8 08 01 00 00 81 e7 f8 ff 00 00 83 ff 00
0x0000024e0888ba84:   0f 84 a9 00 00 00 4d 8b 97 08 01 00 00 41 85 02
0x0000024e0888ba94:   48 b8 48 c1 97 2d 4e 02 00 00 ff 80 70 01 00 00
0x0000024e0888baa4:   44 8b 44 24 24 48 8b 54 24 28 41 3b f0 48 bf 48
0x0000024e0888bab4:   c1 97 2d 4e 02 00 00 48 bb 50 01 00 00 00 00 00
0x0000024e0888bac4:   00 0f 8c 0a 00 00 00 48 bb 40 01 00 00 00 00 00
0x0000024e0888bad4:   00 48 8b 04 1f 48 8d 40 01 48 89 04 1f 0f 8c 41
0x0000024e0888bae4:   ff ff ff 48 8b c2 48 83 c4 40 5d 4d 8b 97 08 01
0x0000024e0888baf4:   00 00 41 85 02 c3 49 ba a0 a9 86 27 4e 02 00 00
0x0000024e0888bb04:   4c 89 54 24 08 48 c7 04 24 ff ff ff ff e8 ea 8b 


Stack slot to memory mapping:
stack at sp + 0 slots: 0x00000000000000b8 is an unknown value
stack at sp + 1 slots: 0x0000024e29e64800 is a thread
stack at sp + 2 slots: {method} {0x0000024e27858558} 'copyOf' '(Ljava/util/Collection;)Lcom/google/common/collect/ImmutableList;' in 'com/google/common/collect/ImmutableList'
stack at sp + 3 slots: 0x0000024e29e64800 is a thread
stack at sp + 4 slots: 0x0000000034afdc40 is an unknown value
stack at sp + 5 slots: 0x000000008b1b2b70 is an oop: [Ljava.lang.Object; 
{0x000000008b1b2b70} - klass: 'java/lang/Object'[]
 - length: 0
stack at sp + 6 slots: 0x0000024e080c8e10 is at code_begin+-112 in 
[CodeBlob (0x0000024e080c8e10)]
Framesize: 0
BufferBlob (0x0000024e080c8e10) used for Interpreter
stack at sp + 7 slots: 0x0000007300000000 is an unknown value



---------------  P R O C E S S  ---------------

Threads class SMR info:
_java_thread_list=0x0000024e24c3e150, length=91, elements={
0x0000024e0459c800, 0x0000024e1e92b000, 0x0000024e1e92c800, 0x0000024e1f2d3800,
0x0000024e1e94a800, 0x0000024e1e94c000, 0x0000024e1e953000, 0x0000024e1f2f4000,
0x0000024e1e957800, 0x0000024e1f43b000, 0x0000024e21114800, 0x0000024e212a4000,
0x0000024e212e2800, 0x0000024e223b0800, 0x0000024e223ad000, 0x0000024e223ac800,
0x0000024e223b1000, 0x0000024e223ae800, 0x0000024e22981800, 0x0000024e22983000,
0x0000024e22985000, 0x0000024e22986800, 0x0000024e22988000, 0x0000024e2190b000,
0x0000024e2190e000, 0x0000024e21910800, 0x0000024e2629f800, 0x0000024e26298000,
0x0000024e2629b800, 0x0000024e2629d000, 0x0000024e26299000, 0x0000024e2629a000,
0x0000024e2629e000, 0x0000024e2629e800, 0x0000024e262a0800, 0x0000024e2629a800,
0x0000024e2629c800, 0x0000024e262a6000, 0x0000024e262a5800, 0x0000024e262a4800,
0x0000024e262a7000, 0x0000024e262a1000, 0x0000024e262a2000, 0x0000024e262a3000,
0x0000024e262a3800, 0x0000024e21903800, 0x0000024e21902000, 0x0000024e21906000,
0x0000024e21908800, 0x0000024e21907800, 0x0000024e21907000, 0x0000024e21902800,
0x0000024e21909800, 0x0000024e2190a000, 0x0000024e21905000, 0x0000024e21904800,
0x0000024e2190b800, 0x0000024e2190c800, 0x0000024e2190d800, 0x0000024e2190f000,
0x0000024e22984000, 0x0000024e22980000, 0x0000024e22980800, 0x0000024e22989000,
0x0000024e22989800, 0x0000024e2298a800, 0x0000024e2298b800, 0x0000024e2298d000,
0x0000024e2298c000, 0x0000024e22987800, 0x0000024e2298e000, 0x0000024e223b2000,
0x0000024e223b3000, 0x0000024e223ae000, 0x0000024e223af800, 0x0000024e29e5f800,
0x0000024e29e61000, 0x0000024e29e5c000, 0x0000024e29e62000, 0x0000024e29e63000,
0x0000024e29e5d000, 0x0000024e29e5e800, 0x0000024e29e60800, 0x0000024e29e63800,
0x0000024e29e5e000, 0x0000024e29e6a000, 0x0000024e29e68800, 0x0000024e29e66000,
0x0000024e29e67000, 0x0000024e29e64800, 0x0000024e29e67800
}

Java Threads: ( => current thread )
  0x0000024e0459c800 JavaThread "main" [_thread_blocked, id=14328, stack(0x000000732e500000,0x000000732e600000)]
  0x0000024e1e92b000 JavaThread "Reference Handler" daemon [_thread_blocked, id=11736, stack(0x000000732ec00000,0x000000732ed00000)]
  0x0000024e1e92c800 JavaThread "Finalizer" daemon [_thread_blocked, id=13680, stack(0x000000732ed00000,0x000000732ee00000)]
  0x0000024e1f2d3800 JavaThread "Signal Dispatcher" daemon [_thread_blocked, id=9660, stack(0x000000732ee00000,0x000000732ef00000)]
  0x0000024e1e94a800 JavaThread "Attach Listener" daemon [_thread_blocked, id=8488, stack(0x000000732ef00000,0x000000732f000000)]
  0x0000024e1e94c000 JavaThread "Service Thread" daemon [_thread_blocked, id=13840, stack(0x000000732f000000,0x000000732f100000)]
  0x0000024e1e953000 JavaThread "C2 CompilerThread0" daemon [_thread_blocked, id=7088, stack(0x000000732f100000,0x000000732f200000)]
  0x0000024e1f2f4000 JavaThread "C1 CompilerThread0" daemon [_thread_blocked, id=6268, stack(0x000000732f200000,0x000000732f300000)]
  0x0000024e1e957800 JavaThread "Sweeper thread" daemon [_thread_blocked, id=10124, stack(0x000000732f300000,0x000000732f400000)]
  0x0000024e1f43b000 JavaThread "Common-Cleaner" daemon [_thread_blocked, id=12708, stack(0x000000732f400000,0x000000732f500000)]
  0x0000024e21114800 JavaThread "Daemon health stats" [_thread_blocked, id=9892, stack(0x000000732f900000,0x000000732fa00000)]
  0x0000024e212a4000 JavaThread "Incoming local TCP Connector on port 61651" [_thread_in_native, id=13812, stack(0x000000732f600000,0x000000732f700000)]
  0x0000024e212e2800 JavaThread "Daemon periodic checks" [_thread_blocked, id=7956, stack(0x000000732fa00000,0x000000732fb00000)]
  0x0000024e223b0800 JavaThread "Cache worker for journal cache (C:\Users\Admin\.gradle\caches\journal-1)" [_thread_blocked, id=7036, stack(0x0000007330300000,0x0000007330400000)]
  0x0000024e223ad000 JavaThread "File lock request listener" [_thread_in_native, id=14000, stack(0x0000007330400000,0x0000007330500000)]
  0x0000024e223ac800 JavaThread "Cache worker for file hash cache (C:\Users\Admin\.gradle\caches\7.4\fileHashes)" [_thread_blocked, id=14036, stack(0x0000007330500000,0x0000007330600000)]
  0x0000024e223b1000 JavaThread "File watcher server" daemon [_thread_in_native, id=14092, stack(0x0000007330700000,0x0000007330800000)]
  0x0000024e223ae800 JavaThread "File watcher consumer" daemon [_thread_blocked, id=11832, stack(0x0000007330800000,0x0000007330900000)]
  0x0000024e22981800 JavaThread "Cache worker for execution history cache (C:\Users\Admin\.gradle\caches\7.4\executionHistory)" [_thread_blocked, id=6252, stack(0x0000007330d00000,0x0000007330e00000)]
  0x0000024e22983000 JavaThread "jar transforms" [_thread_blocked, id=13204, stack(0x0000007330e00000,0x0000007330f00000)]
  0x0000024e22985000 JavaThread "Cache worker for file content cache (C:\Users\Admin\.gradle\caches\7.4\fileContent)" [_thread_blocked, id=13820, stack(0x0000007330f00000,0x0000007331000000)]
  0x0000024e22986800 JavaThread "jar transforms Thread 2" [_thread_blocked, id=13816, stack(0x0000007331000000,0x0000007331100000)]
  0x0000024e22988000 JavaThread "jar transforms Thread 3" [_thread_blocked, id=4648, stack(0x0000007331200000,0x0000007331300000)]
  0x0000024e2190b000 JavaThread "jar transforms Thread 4" [_thread_blocked, id=11528, stack(0x0000007333c00000,0x0000007333d00000)]
  0x0000024e2190e000 JavaThread "Memory manager" [_thread_blocked, id=12544, stack(0x0000007333d00000,0x0000007333e00000)]
  0x0000024e21910800 JavaThread "pool-3-thread-1" [_thread_blocked, id=14248, stack(0x0000007334000000,0x0000007334100000)]
  0x0000024e2629f800 JavaThread "pool-7-thread-1" [_thread_blocked, id=4004, stack(0x0000007333a00000,0x0000007333b00000)]
  0x0000024e26298000 JavaThread "Daemon Thread 2" [_thread_blocked, id=13260, stack(0x000000732e200000,0x000000732e300000)]
  0x0000024e2629b800 JavaThread "Handler for socket connection from /127.0.0.1:61651 to /127.0.0.1:61687" [_thread_in_native, id=11748, stack(0x000000732e300000,0x000000732e400000)]
  0x0000024e2629d000 JavaThread "Cancel handler" [_thread_blocked, id=14316, stack(0x000000732e400000,0x000000732e500000)]
  0x0000024e26299000 JavaThread "Daemon worker Thread 2" [_thread_blocked, id=4476, stack(0x000000732fb00000,0x000000732fc00000)]
  0x0000024e2629a000 JavaThread "Asynchronous log dispatcher for DefaultDaemonConnection: socket connection from /127.0.0.1:61651 to /127.0.0.1:61687" [_thread_blocked, id=4596, stack(0x000000732fc00000,0x000000732fd00000)]
  0x0000024e2629e000 JavaThread "Stdin handler" [_thread_blocked, id=11988, stack(0x000000732fd00000,0x000000732fe00000)]
  0x0000024e2629e800 JavaThread "Daemon client event forwarder" [_thread_blocked, id=14152, stack(0x000000732fe00000,0x000000732ff00000)]
  0x0000024e262a0800 JavaThread "Cache worker for checksums cache (F:\SaraswatiAppLatestCode\Ashutosh's Piece\Own Code\HealthifyApp\.gradle\7.4\checksums)" [_thread_blocked, id=11768, stack(0x0000007330000000,0x0000007330100000)]
  0x0000024e2629a800 JavaThread "Cache worker for cache directory md-rule (C:\Users\Admin\.gradle\caches\7.4\md-rule)" [_thread_blocked, id=8056, stack(0x0000007330100000,0x0000007330200000)]
  0x0000024e2629c800 JavaThread "Cache worker for file hash cache (F:\SaraswatiAppLatestCode\Ashutosh's Piece\Own Code\HealthifyApp\.gradle\7.4\fileHashes)" [_thread_blocked, id=9984, stack(0x0000007330600000,0x0000007330700000)]
  0x0000024e262a6000 JavaThread "Cache worker for cache directory md-supplier (C:\Users\Admin\.gradle\caches\7.4\md-supplier)" [_thread_blocked, id=8824, stack(0x0000007330900000,0x0000007330a00000)]
  0x0000024e262a5800 JavaThread "Cache worker for dependencies-accessors (F:\SaraswatiAppLatestCode\Ashutosh's Piece\Own Code\HealthifyApp\.gradle\7.4\dependencies-accessors)" [_thread_blocked, id=10144, stack(0x0000007330a00000,0x0000007330b00000)]
  0x0000024e262a4800 JavaThread "Cache worker for Build Output Cleanup Cache (F:\SaraswatiAppLatestCode\Ashutosh's Piece\Own Code\HealthifyApp\.gradle\buildOutputCleanup)" [_thread_blocked, id=12360, stack(0x0000007330b00000,0x0000007330c00000)]
  0x0000024e262a7000 JavaThread "Unconstrained build operations" [_thread_blocked, id=11300, stack(0x000000732ff00000,0x0000007330000000)]
  0x0000024e262a1000 JavaThread "Unconstrained build operations Thread 2" [_thread_blocked, id=4412, stack(0x0000007330c00000,0x0000007330d00000)]
  0x0000024e262a2000 JavaThread "Unconstrained build operations Thread 3" [_thread_blocked, id=11672, stack(0x0000007331100000,0x0000007331200000)]
  0x0000024e262a3000 JavaThread "Unconstrained build operations Thread 4" [_thread_blocked, id=13560, stack(0x0000007331300000,0x0000007331400000)]
  0x0000024e262a3800 JavaThread "Unconstrained build operations Thread 5" [_thread_blocked, id=12304, stack(0x0000007331400000,0x0000007331500000)]
  0x0000024e21903800 JavaThread "Unconstrained build operations Thread 6" [_thread_blocked, id=13248, stack(0x0000007331500000,0x0000007331600000)]
  0x0000024e21902000 JavaThread "Unconstrained build operations Thread 7" [_thread_blocked, id=5564, stack(0x0000007331600000,0x0000007331700000)]
  0x0000024e21906000 JavaThread "Unconstrained build operations Thread 8" [_thread_blocked, id=11448, stack(0x0000007331700000,0x0000007331800000)]
  0x0000024e21908800 JavaThread "Unconstrained build operations Thread 9" [_thread_blocked, id=12172, stack(0x0000007331800000,0x0000007331900000)]
  0x0000024e21907800 JavaThread "Unconstrained build operations Thread 10" [_thread_blocked, id=11304, stack(0x0000007331900000,0x0000007331a00000)]
  0x0000024e21907000 JavaThread "Unconstrained build operations Thread 11" [_thread_blocked, id=12668, stack(0x0000007331a00000,0x0000007331b00000)]
  0x0000024e21902800 JavaThread "Unconstrained build operations Thread 12" [_thread_blocked, id=12228, stack(0x0000007331b00000,0x0000007331c00000)]
  0x0000024e21909800 JavaThread "Unconstrained build operations Thread 13" [_thread_blocked, id=12144, stack(0x0000007331c00000,0x0000007331d00000)]
  0x0000024e2190a000 JavaThread "Unconstrained build operations Thread 14" [_thread_blocked, id=10468, stack(0x0000007331d00000,0x0000007331e00000)]
  0x0000024e21905000 JavaThread "Unconstrained build operations Thread 15" [_thread_blocked, id=5828, stack(0x0000007331e00000,0x0000007331f00000)]
  0x0000024e21904800 JavaThread "Unconstrained build operations Thread 16" [_thread_blocked, id=9088, stack(0x0000007331f00000,0x0000007332000000)]
  0x0000024e2190b800 JavaThread "Unconstrained build operations Thread 17" [_thread_blocked, id=13996, stack(0x0000007332000000,0x0000007332100000)]
  0x0000024e2190c800 JavaThread "Unconstrained build operations Thread 18" [_thread_blocked, id=6528, stack(0x0000007332100000,0x0000007332200000)]
  0x0000024e2190d800 JavaThread "Unconstrained build operations Thread 19" [_thread_blocked, id=14320, stack(0x0000007332200000,0x0000007332300000)]
  0x0000024e2190f000 JavaThread "Unconstrained build operations Thread 20" [_thread_blocked, id=4652, stack(0x0000007332300000,0x0000007332400000)]
  0x0000024e22984000 JavaThread "Unconstrained build operations Thread 21" [_thread_blocked, id=11776, stack(0x0000007332400000,0x0000007332500000)]
  0x0000024e22980000 JavaThread "Unconstrained build operations Thread 22" [_thread_blocked, id=1428, stack(0x0000007332500000,0x0000007332600000)]
  0x0000024e22980800 JavaThread "Unconstrained build operations Thread 23" [_thread_blocked, id=13276, stack(0x0000007332600000,0x0000007332700000)]
  0x0000024e22989000 JavaThread "Unconstrained build operations Thread 24" [_thread_blocked, id=12804, stack(0x0000007332700000,0x0000007332800000)]
  0x0000024e22989800 JavaThread "Unconstrained build operations Thread 25" [_thread_blocked, id=13284, stack(0x0000007332800000,0x0000007332900000)]
  0x0000024e2298a800 JavaThread "Unconstrained build operations Thread 26" [_thread_blocked, id=13796, stack(0x0000007332900000,0x0000007332a00000)]
  0x0000024e2298b800 JavaThread "Unconstrained build operations Thread 27" [_thread_blocked, id=14228, stack(0x0000007332a00000,0x0000007332b00000)]
  0x0000024e2298d000 JavaThread "Unconstrained build operations Thread 28" [_thread_blocked, id=11428, stack(0x0000007332b00000,0x0000007332c00000)]
  0x0000024e2298c000 JavaThread "Unconstrained build operations Thread 29" [_thread_blocked, id=13300, stack(0x0000007332c00000,0x0000007332d00000)]
  0x0000024e22987800 JavaThread "Unconstrained build operations Thread 30" [_thread_blocked, id=14020, stack(0x0000007332d00000,0x0000007332e00000)]
  0x0000024e2298e000 JavaThread "Unconstrained build operations Thread 31" [_thread_blocked, id=11360, stack(0x0000007332e00000,0x0000007332f00000)]
  0x0000024e223b2000 JavaThread "Unconstrained build operations Thread 32" [_thread_blocked, id=11380, stack(0x0000007332f00000,0x0000007333000000)]
  0x0000024e223b3000 JavaThread "Unconstrained build operations Thread 33" [_thread_blocked, id=8712, stack(0x0000007333000000,0x0000007333100000)]
  0x0000024e223ae000 JavaThread "Unconstrained build operations Thread 34" [_thread_blocked, id=8732, stack(0x0000007333100000,0x0000007333200000)]
  0x0000024e223af800 JavaThread "Unconstrained build operations Thread 35" [_thread_blocked, id=10976, stack(0x0000007333200000,0x0000007333300000)]
  0x0000024e29e5f800 JavaThread "Unconstrained build operations Thread 36" [_thread_blocked, id=5516, stack(0x0000007333300000,0x0000007333400000)]
  0x0000024e29e61000 JavaThread "Unconstrained build operations Thread 37" [_thread_blocked, id=9140, stack(0x0000007333400000,0x0000007333500000)]
  0x0000024e29e5c000 JavaThread "Unconstrained build operations Thread 38" [_thread_blocked, id=11240, stack(0x0000007333500000,0x0000007333600000)]
  0x0000024e29e62000 JavaThread "Unconstrained build operations Thread 39" [_thread_blocked, id=14232, stack(0x0000007333600000,0x0000007333700000)]
  0x0000024e29e63000 JavaThread "Unconstrained build operations Thread 40" [_thread_blocked, id=12616, stack(0x0000007333700000,0x0000007333800000)]
  0x0000024e29e5d000 JavaThread "build event listener" [_thread_blocked, id=1512, stack(0x0000007333900000,0x0000007333a00000)]
  0x0000024e29e5e800 JavaThread "pool-10-thread-1" [_thread_blocked, id=14288, stack(0x0000007333b00000,0x0000007333c00000)]
  0x0000024e29e60800 JavaThread "build event listener" [_thread_blocked, id=7724, stack(0x0000007334100000,0x0000007334200000)]
  0x0000024e29e63800 JavaThread "included builds" [_thread_blocked, id=3520, stack(0x0000007334200000,0x0000007334300000)]
  0x0000024e29e5e000 JavaThread "Execution worker for ':'" [_thread_blocked, id=3652, stack(0x0000007334300000,0x0000007334400000)]
  0x0000024e29e6a000 JavaThread "Execution worker for ':' Thread 2" [_thread_blocked, id=13880, stack(0x0000007334400000,0x0000007334500000)]
  0x0000024e29e68800 JavaThread "Cache worker for execution history cache (F:\SaraswatiAppLatestCode\Ashutosh's Piece\Own Code\HealthifyApp\.gradle\7.4\executionHistory)" [_thread_blocked, id=8820, stack(0x0000007334500000,0x0000007334600000)]
  0x0000024e29e66000 JavaThread "Execution worker for ':' Thread 3" [_thread_blocked, id=12560, stack(0x0000007334600000,0x0000007334700000)]
  0x0000024e29e67000 JavaThread "WorkerExecutor Queue" [_thread_blocked, id=12372, stack(0x0000007334800000,0x0000007334900000)]
=>0x0000024e29e64800 JavaThread "WorkerExecutor Queue Thread 2" [_thread_in_Java, id=13160, stack(0x0000007334a00000,0x0000007334b00000)]
  0x0000024e29e67800 JavaThread "WorkerExecutor Queue Thread 3" [_thread_blocked, id=14172, stack(0x0000007334b00000,0x0000007334c00000)]

Other Threads:
  0x0000024e1e928000 VMThread "VM Thread" [stack: 0x000000732eb00000,0x000000732ec00000] [id=1564]
  0x0000024e1f471000 WatcherThread [stack: 0x000000732f500000,0x000000732f600000] [id=5780]
  0x0000024e045b6000 GCTaskThread "GC Thread#0" [stack: 0x000000732e600000,0x000000732e700000] [id=14312]
  0x0000024e1f6ed000 GCTaskThread "GC Thread#1" [stack: 0x000000732f700000,0x000000732f800000] [id=11432]
  0x0000024e1f716800 GCTaskThread "GC Thread#2" [stack: 0x000000732f800000,0x000000732f900000] [id=4624]
  0x0000024e2192c000 GCTaskThread "GC Thread#3" [stack: 0x0000007330200000,0x0000007330300000] [id=13356]
  0x0000024e045e5800 ConcurrentGCThread "G1 Main Marker" [stack: 0x000000732e700000,0x000000732e800000] [id=9332]
  0x0000024e045e8000 ConcurrentGCThread "G1 Conc#0" [stack: 0x000000732e800000,0x000000732e900000] [id=12576]
  0x0000024e04676800 ConcurrentGCThread "G1 Refine#0" [stack: 0x000000732e900000,0x000000732ea00000] [id=8652]
  0x0000024e04677800 ConcurrentGCThread "G1 Young RemSet Sampling" [stack: 0x000000732ea00000,0x000000732eb00000] [id=12712]

Threads with active compile tasks:

VM state:not at safepoint (normal execution)

VM Mutex/Monitor currently owned by a thread: None

Heap address: 0x0000000080000000, size: 2048 MB, Compressed Oops mode: 32-bit
Narrow klass base: 0x0000000000000000, Narrow klass shift: 3
Compressed class space size: 1073741824 Address: 0x0000000100000000

Heap:
 garbage-first heap   total 201728K, used 140761K [0x0000000080000000, 0x0000000100000000)
  region size 1024K, 22 young (22528K), 2 survivors (2048K)
 Metaspace       used 119197K, capacity 122241K, committed 122412K, reserved 1157120K
  class space    used 14607K, capacity 15725K, committed 15744K, reserved 1048576K
Heap Regions: E=young(eden), S=young(survivor), O=old, HS=humongous(starts), HC=humongous(continues), CS=collection set, F=free, A=archive, TAMS=top-at-mark-start (previous, next)
|   0|0x0000000080000000, 0x0000000080100000, 0x0000000080100000|100%|HS|  |TAMS 0x0000000080100000, 0x0000000080000000| Complete 
|   1|0x0000000080100000, 0x0000000080200000, 0x0000000080200000|100%|HC|  |TAMS 0x0000000080200000, 0x0000000080100000| Complete 
|   2|0x0000000080200000, 0x0000000080300000, 0x0000000080300000|100%|HC|  |TAMS 0x0000000080300000, 0x0000000080200000| Complete 
|   3|0x0000000080300000, 0x0000000080400000, 0x0000000080400000|100%| O|  |TAMS 0x0000000080400000, 0x0000000080300000| Complete 
|   4|0x0000000080400000, 0x0000000080500000, 0x0000000080500000|100%| O|  |TAMS 0x0000000080500000, 0x0000000080400000| Untracked 
|   5|0x0000000080500000, 0x0000000080600000, 0x0000000080600000|100%| O|  |TAMS 0x0000000080600000, 0x0000000080500000| Untracked 
|   6|0x0000000080600000, 0x0000000080700000, 0x0000000080700000|100%| O|  |TAMS 0x0000000080700000, 0x0000000080600000| Untracked 
|   7|0x0000000080700000, 0x0000000080800000, 0x0000000080800000|100%| O|  |TAMS 0x0000000080800000, 0x0000000080700000| Untracked 
|   8|0x0000000080800000, 0x0000000080900000, 0x0000000080900000|100%| O|  |TAMS 0x0000000080900000, 0x0000000080800000| Untracked 
|   9|0x0000000080900000, 0x0000000080a00000, 0x0000000080a00000|100%| O|  |TAMS 0x0000000080a00000, 0x0000000080900000| Untracked 
|  10|0x0000000080a00000, 0x0000000080b00000, 0x0000000080b00000|100%| O|  |TAMS 0x0000000080b00000, 0x0000000080a00000| Untracked 
|  11|0x0000000080b00000, 0x0000000080c00000, 0x0000000080c00000|100%| O|  |TAMS 0x0000000080c00000, 0x0000000080b00000| Complete 
|  12|0x0000000080c00000, 0x0000000080d00000, 0x0000000080d00000|100%| O|  |TAMS 0x0000000080d00000, 0x0000000080c00000| Untracked 
|  13|0x0000000080d00000, 0x0000000080e00000, 0x0000000080e00000|100%| O|  |TAMS 0x0000000080e00000, 0x0000000080d00000| Untracked 
|  14|0x0000000080e00000, 0x0000000080f00000, 0x0000000080f00000|100%| O|  |TAMS 0x0000000080f00000, 0x0000000080e00000| Untracked 
|  15|0x0000000080f00000, 0x0000000081000000, 0x0000000081000000|100%|HS|  |TAMS 0x0000000081000000, 0x0000000080f00000| Complete 
|  16|0x0000000081000000, 0x0000000081100000, 0x0000000081100000|100%| O|  |TAMS 0x0000000081100000, 0x0000000081000000| Untracked 
|  17|0x0000000081100000, 0x0000000081200000, 0x0000000081200000|100%| O|  |TAMS 0x0000000081200000, 0x0000000081100000| Untracked 
|  18|0x0000000081200000, 0x0000000081300000, 0x0000000081300000|100%| O|  |TAMS 0x0000000081300000, 0x0000000081200000| Untracked 
|  19|0x0000000081300000, 0x0000000081400000, 0x0000000081400000|100%| O|  |TAMS 0x0000000081400000, 0x0000000081300000| Untracked 
|  20|0x0000000081400000, 0x0000000081500000, 0x0000000081500000|100%| O|  |TAMS 0x0000000081500000, 0x0000000081400000| Complete 
|  21|0x0000000081500000, 0x0000000081600000, 0x0000000081600000|100%| O|  |TAMS 0x0000000081600000, 0x0000000081500000| Untracked 
|  22|0x0000000081600000, 0x0000000081700000, 0x0000000081700000|100%| O|  |TAMS 0x0000000081700000, 0x0000000081600000| Untracked 
|  23|0x0000000081700000, 0x0000000081800000, 0x0000000081800000|100%| O|  |TAMS 0x0000000081800000, 0x0000000081700000| Untracked 
|  24|0x0000000081800000, 0x0000000081900000, 0x0000000081900000|100%| O|  |TAMS 0x0000000081900000, 0x0000000081800000| Untracked 
|  25|0x0000000081900000, 0x0000000081a00000, 0x0000000081a00000|100%| O|  |TAMS 0x0000000081a00000, 0x0000000081900000| Untracked 
|  26|0x0000000081a00000, 0x0000000081b00000, 0x0000000081b00000|100%| O|  |TAMS 0x0000000081b00000, 0x0000000081a00000| Untracked 
|  27|0x0000000081b00000, 0x0000000081c00000, 0x0000000081c00000|100%| O|  |TAMS 0x0000000081c00000, 0x0000000081b00000| Untracked 
|  28|0x0000000081c00000, 0x0000000081d00000, 0x0000000081d00000|100%| O|  |TAMS 0x0000000081d00000, 0x0000000081c00000| Complete 
|  29|0x0000000081d00000, 0x0000000081e00000, 0x0000000081e00000|100%|HS|  |TAMS 0x0000000081e00000, 0x0000000081d00000| Complete 
|  30|0x0000000081e00000, 0x0000000081f00000, 0x0000000081f00000|100%| O|  |TAMS 0x0000000081f00000, 0x0000000081e00000| Untracked 
|  31|0x0000000081f00000, 0x0000000082000000, 0x0000000082000000|100%|HS|  |TAMS 0x0000000082000000, 0x0000000081f00000| Complete 
|  32|0x0000000082000000, 0x0000000082100000, 0x0000000082100000|100%|HC|  |TAMS 0x0000000082100000, 0x0000000082000000| Complete 
|  33|0x0000000082100000, 0x0000000082200000, 0x0000000082200000|100%| O|  |TAMS 0x0000000082200000, 0x0000000082100000| Untracked 
|  34|0x0000000082200000, 0x0000000082300000, 0x0000000082300000|100%| O|  |TAMS 0x0000000082300000, 0x0000000082200000| Complete 
|  35|0x0000000082300000, 0x0000000082400000, 0x0000000082400000|100%| O|  |TAMS 0x0000000082400000, 0x0000000082300000| Untracked 
|  36|0x0000000082400000, 0x0000000082500000, 0x0000000082500000|100%| O|  |TAMS 0x0000000082500000, 0x0000000082400000| Untracked 
|  37|0x0000000082500000, 0x0000000082600000, 0x0000000082600000|100%| O|  |TAMS 0x0000000082600000, 0x0000000082500000| Complete 
|  38|0x0000000082600000, 0x0000000082700000, 0x0000000082700000|100%| O|  |TAMS 0x0000000082700000, 0x0000000082600000| Untracked 
|  39|0x0000000082700000, 0x0000000082800000, 0x0000000082800000|100%| O|  |TAMS 0x0000000082800000, 0x0000000082700000| Complete 
|  40|0x0000000082800000, 0x0000000082900000, 0x0000000082900000|100%| O|  |TAMS 0x0000000082900000, 0x0000000082800000| Untracked 
|  41|0x0000000082900000, 0x0000000082a00000, 0x0000000082a00000|100%| O|  |TAMS 0x0000000082a00000, 0x0000000082900000| Untracked 
|  42|0x0000000082a00000, 0x0000000082b00000, 0x0000000082b00000|100%| O|  |TAMS 0x0000000082b00000, 0x0000000082a00000| Untracked 
|  43|0x0000000082b00000, 0x0000000082c00000, 0x0000000082c00000|100%| O|  |TAMS 0x0000000082c00000, 0x0000000082b00000| Untracked 
|  44|0x0000000082c00000, 0x0000000082d00000, 0x0000000082d00000|100%| O|  |TAMS 0x0000000082d00000, 0x0000000082c00000| Complete 
|  45|0x0000000082d00000, 0x0000000082e00000, 0x0000000082e00000|100%| O|  |TAMS 0x0000000082e00000, 0x0000000082d00000| Untracked 
|  46|0x0000000082e00000, 0x0000000082f00000, 0x0000000082f00000|100%| O|  |TAMS 0x0000000082f00000, 0x0000000082e00000| Untracked 
|  47|0x0000000082f00000, 0x0000000083000000, 0x0000000083000000|100%| O|  |TAMS 0x0000000083000000, 0x0000000082f00000| Untracked 
|  48|0x0000000083000000, 0x0000000083100000, 0x0000000083100000|100%| O|  |TAMS 0x0000000083100000, 0x0000000083000000| Complete 
|  49|0x0000000083100000, 0x0000000083200000, 0x0000000083200000|100%| O|  |TAMS 0x0000000083200000, 0x0000000083100000| Complete 
|  50|0x0000000083200000, 0x0000000083300000, 0x0000000083300000|100%| O|  |TAMS 0x0000000083300000, 0x0000000083200000| Complete 
|  51|0x0000000083300000, 0x0000000083400000, 0x0000000083400000|100%| O|  |TAMS 0x0000000083400000, 0x0000000083300000| Untracked 
|  52|0x0000000083400000, 0x0000000083500000, 0x0000000083500000|100%| O|  |TAMS 0x0000000083500000, 0x0000000083400000| Untracked 
|  53|0x0000000083500000, 0x0000000083600000, 0x0000000083600000|100%| O|  |TAMS 0x0000000083600000, 0x0000000083500000| Untracked 
|  54|0x0000000083600000, 0x0000000083700000, 0x0000000083700000|100%| O|  |TAMS 0x0000000083700000, 0x0000000083600000| Untracked 
|  55|0x0000000083700000, 0x0000000083800000, 0x0000000083800000|100%| O|  |TAMS 0x0000000083800000, 0x0000000083700000| Complete 
|  56|0x0000000083800000, 0x0000000083900000, 0x0000000083900000|100%| O|  |TAMS 0x0000000083900000, 0x0000000083800000| Complete 
|  57|0x0000000083900000, 0x0000000083a00000, 0x0000000083a00000|100%| O|  |TAMS 0x0000000083a00000, 0x0000000083900000| Complete 
|  58|0x0000000083a00000, 0x0000000083b00000, 0x0000000083b00000|100%| O|  |TAMS 0x0000000083b00000, 0x0000000083a00000| Complete 
|  59|0x0000000083b00000, 0x0000000083c00000, 0x0000000083c00000|100%| O|  |TAMS 0x0000000083c00000, 0x0000000083b00000| Complete 
|  60|0x0000000083c00000, 0x0000000083d00000, 0x0000000083d00000|100%| O|  |TAMS 0x0000000083d00000, 0x0000000083c00000| Complete 
|  61|0x0000000083d00000, 0x0000000083e00000, 0x0000000083e00000|100%| O|  |TAMS 0x0000000083e00000, 0x0000000083d00000| Untracked 
|  62|0x0000000083e00000, 0x0000000083ec1400, 0x0000000083f00000| 75%| O|  |TAMS 0x0000000083ec1400, 0x0000000083e00000| Untracked 
|  63|0x0000000083f00000, 0x0000000083f00000, 0x0000000084000000|  0%| F|  |TAMS 0x0000000083f00000, 0x0000000083f00000| Untracked 
|  64|0x0000000084000000, 0x0000000084100000, 0x0000000084100000|100%| O|  |TAMS 0x0000000084100000, 0x0000000084000000| Untracked 
|  65|0x0000000084100000, 0x0000000084200000, 0x0000000084200000|100%| O|  |TAMS 0x0000000084200000, 0x0000000084100000| Complete 
|  66|0x0000000084200000, 0x0000000084300000, 0x0000000084300000|100%| O|  |TAMS 0x0000000084300000, 0x0000000084200000| Untracked 
|  67|0x0000000084300000, 0x0000000084400000, 0x0000000084400000|100%| O|  |TAMS 0x0000000084400000, 0x0000000084300000| Untracked 
|  68|0x0000000084400000, 0x0000000084500000, 0x0000000084500000|100%| O|  |TAMS 0x0000000084500000, 0x0000000084400000| Untracked 
|  69|0x0000000084500000, 0x0000000084600000, 0x0000000084600000|100%| O|  |TAMS 0x0000000084600000, 0x0000000084500000| Complete 
|  70|0x0000000084600000, 0x0000000084700000, 0x0000000084700000|100%| O|  |TAMS 0x0000000084700000, 0x0000000084600000| Complete 
|  71|0x0000000084700000, 0x0000000084800000, 0x0000000084800000|100%| O|  |TAMS 0x0000000084800000, 0x0000000084700000| Complete 
|  72|0x0000000084800000, 0x0000000084900000, 0x0000000084900000|100%| O|  |TAMS 0x0000000084900000, 0x0000000084800000| Complete 
|  73|0x0000000084900000, 0x0000000084a00000, 0x0000000084a00000|100%| O|  |TAMS 0x0000000084a00000, 0x0000000084900000| Complete 
|  74|0x0000000084a00000, 0x0000000084b00000, 0x0000000084b00000|100%| O|  |TAMS 0x0000000084b00000, 0x0000000084a00000| Complete 
|  75|0x0000000084b00000, 0x0000000084c00000, 0x0000000084c00000|100%| O|  |TAMS 0x0000000084c00000, 0x0000000084b00000| Complete 
|  76|0x0000000084c00000, 0x0000000084c00000, 0x0000000084d00000|  0%| F|  |TAMS 0x0000000084c00000, 0x0000000084c00000| Untracked 
|  77|0x0000000084d00000, 0x0000000084e00000, 0x0000000084e00000|100%| O|  |TAMS 0x0000000084e00000, 0x0000000084d00000| Complete 
|  78|0x0000000084e00000, 0x0000000084f00000, 0x0000000084f00000|100%| O|  |TAMS 0x0000000084f00000, 0x0000000084e00000| Untracked 
|  79|0x0000000084f00000, 0x0000000085000000, 0x0000000085000000|100%| O|  |TAMS 0x0000000085000000, 0x0000000084f00000| Untracked 
|  80|0x0000000085000000, 0x0000000085100000, 0x0000000085100000|100%| O|  |TAMS 0x0000000085100000, 0x0000000085000000| Untracked 
|  81|0x0000000085100000, 0x0000000085200000, 0x0000000085200000|100%| O|  |TAMS 0x0000000085200000, 0x0000000085100000| Complete 
|  82|0x0000000085200000, 0x0000000085300000, 0x0000000085300000|100%| O|  |TAMS 0x0000000085300000, 0x0000000085200000| Untracked 
|  83|0x0000000085300000, 0x0000000085400000, 0x0000000085400000|100%| O|  |TAMS 0x0000000085400000, 0x0000000085300000| Untracked 
|  84|0x0000000085400000, 0x0000000085500000, 0x0000000085500000|100%| O|  |TAMS 0x0000000085500000, 0x0000000085400000| Complete 
|  85|0x0000000085500000, 0x0000000085600000, 0x0000000085600000|100%| O|  |TAMS 0x0000000085600000, 0x0000000085500000| Untracked 
|  86|0x0000000085600000, 0x0000000085700000, 0x0000000085700000|100%| O|  |TAMS 0x0000000085700000, 0x0000000085600000| Complete 
|  87|0x0000000085700000, 0x0000000085800000, 0x0000000085800000|100%| O|  |TAMS 0x0000000085800000, 0x0000000085700000| Complete 
|  88|0x0000000085800000, 0x0000000085900000, 0x0000000085900000|100%| O|  |TAMS 0x0000000085900000, 0x0000000085800000| Complete 
|  89|0x0000000085900000, 0x0000000085a00000, 0x0000000085a00000|100%| O|  |TAMS 0x0000000085a00000, 0x0000000085900000| Complete 
|  90|0x0000000085a00000, 0x0000000085b00000, 0x0000000085b00000|100%| O|  |TAMS 0x0000000085b00000, 0x0000000085a00000| Complete 
|  91|0x0000000085b00000, 0x0000000085c00000, 0x0000000085c00000|100%| O|  |TAMS 0x0000000085c00000, 0x0000000085b00000| Untracked 
|  92|0x0000000085c00000, 0x0000000085d00000, 0x0000000085d00000|100%| O|  |TAMS 0x0000000085d00000, 0x0000000085c00000| Complete 
|  93|0x0000000085d00000, 0x0000000085e00000, 0x0000000085e00000|100%| O|  |TAMS 0x0000000085e00000, 0x0000000085d00000| Complete 
|  94|0x0000000085e00000, 0x0000000085f00000, 0x0000000085f00000|100%| O|  |TAMS 0x0000000085f00000, 0x0000000085e00000| Complete 
|  95|0x0000000085f00000, 0x0000000086000000, 0x0000000086000000|100%| O|  |TAMS 0x0000000086000000, 0x0000000085f00000| Untracked 
|  96|0x0000000086000000, 0x0000000086100000, 0x0000000086100000|100%| O|  |TAMS 0x0000000086100000, 0x0000000086000000| Complete 
|  97|0x0000000086100000, 0x0000000086200000, 0x0000000086200000|100%| O|  |TAMS 0x0000000086200000, 0x0000000086100000| Complete 
|  98|0x0000000086200000, 0x0000000086300000, 0x0000000086300000|100%| O|  |TAMS 0x0000000086300000, 0x0000000086200000| Complete 
|  99|0x0000000086300000, 0x0000000086300000, 0x0000000086400000|  0%| F|  |TAMS 0x0000000086300000, 0x0000000086300000| Untracked 
| 100|0x0000000086400000, 0x0000000086500000, 0x0000000086500000|100%| O|  |TAMS 0x0000000086500000, 0x0000000086400000| Complete 
| 101|0x0000000086500000, 0x0000000086600000, 0x0000000086600000|100%| O|  |TAMS 0x0000000086600000, 0x0000000086500000| Complete 
| 102|0x0000000086600000, 0x0000000086700000, 0x0000000086700000|100%| O|  |TAMS 0x0000000086700000, 0x0000000086600000| Complete 
| 103|0x0000000086700000, 0x0000000086700000, 0x0000000086800000|  0%| F|  |TAMS 0x0000000086700000, 0x0000000086700000| Untracked 
| 104|0x0000000086800000, 0x0000000086800000, 0x0000000086900000|  0%| F|  |TAMS 0x0000000086800000, 0x0000000086800000| Untracked 
| 105|0x0000000086900000, 0x0000000086900000, 0x0000000086a00000|  0%| F|  |TAMS 0x0000000086900000, 0x0000000086900000| Untracked 
| 106|0x0000000086a00000, 0x0000000086a00000, 0x0000000086b00000|  0%| F|  |TAMS 0x0000000086a00000, 0x0000000086a00000| Untracked 
| 107|0x0000000086b00000, 0x0000000086c00000, 0x0000000086c00000|100%| O|  |TAMS 0x0000000086c00000, 0x0000000086b00000| Complete 
| 108|0x0000000086c00000, 0x0000000086c00000, 0x0000000086d00000|  0%| F|  |TAMS 0x0000000086c00000, 0x0000000086c00000| Untracked 
| 109|0x0000000086d00000, 0x0000000086d00000, 0x0000000086e00000|  0%| F|  |TAMS 0x0000000086d00000, 0x0000000086d00000| Untracked 
| 110|0x0000000086e00000, 0x0000000086e00000, 0x0000000086f00000|  0%| F|  |TAMS 0x0000000086e00000, 0x0000000086e00000| Untracked 
| 111|0x0000000086f00000, 0x0000000087000000, 0x0000000087000000|100%| O|  |TAMS 0x0000000087000000, 0x0000000086f00000| Complete 
| 112|0x0000000087000000, 0x0000000087100000, 0x0000000087100000|100%| O|  |TAMS 0x0000000087100000, 0x0000000087000000| Untracked 
| 113|0x0000000087100000, 0x0000000087200000, 0x0000000087200000|100%| O|  |TAMS 0x0000000087200000, 0x0000000087100000| Complete 
| 114|0x0000000087200000, 0x0000000087300000, 0x0000000087300000|100%| O|  |TAMS 0x0000000087300000, 0x0000000087200000| Untracked 
| 115|0x0000000087300000, 0x0000000087400000, 0x0000000087400000|100%| O|  |TAMS 0x0000000087400000, 0x0000000087300000| Untracked 
| 116|0x0000000087400000, 0x0000000087500000, 0x0000000087500000|100%| O|  |TAMS 0x0000000087500000, 0x0000000087400000| Complete 
| 117|0x0000000087500000, 0x0000000087600000, 0x0000000087600000|100%| O|  |TAMS 0x0000000087600000, 0x0000000087500000| Untracked 
| 118|0x0000000087600000, 0x0000000087700000, 0x0000000087700000|100%| O|  |TAMS 0x0000000087700000, 0x0000000087600000| Untracked 
| 119|0x0000000087700000, 0x0000000087700000, 0x0000000087800000|  0%| F|  |TAMS 0x0000000087700000, 0x0000000087700000| Untracked 
| 120|0x0000000087800000, 0x0000000087800000, 0x0000000087900000|  0%| F|  |TAMS 0x0000000087800000, 0x0000000087800000| Untracked 
| 121|0x0000000087900000, 0x0000000087a00000, 0x0000000087a00000|100%| O|  |TAMS 0x0000000087a00000, 0x0000000087900000| Untracked 
| 122|0x0000000087a00000, 0x0000000087b00000, 0x0000000087b00000|100%| O|  |TAMS 0x0000000087b00000, 0x0000000087a00000| Untracked 
| 123|0x0000000087b00000, 0x0000000087b00000, 0x0000000087c00000|  0%| F|  |TAMS 0x0000000087b00000, 0x0000000087b00000| Untracked 
| 124|0x0000000087c00000, 0x0000000087c00000, 0x0000000087d00000|  0%| F|  |TAMS 0x0000000087c00000, 0x0000000087c00000| Untracked 
| 125|0x0000000087d00000, 0x0000000087e00000, 0x0000000087e00000|100%| O|  |TAMS 0x0000000087e00000, 0x0000000087d00000| Complete 
| 126|0x0000000087e00000, 0x0000000087e00000, 0x0000000087f00000|  0%| F|  |TAMS 0x0000000087e00000, 0x0000000087e00000| Untracked 
| 127|0x0000000087f00000, 0x0000000087f00000, 0x0000000088000000|  0%| F|  |TAMS 0x0000000087f00000, 0x0000000087f00000| Untracked 
| 128|0x0000000088000000, 0x0000000088000000, 0x0000000088100000|  0%| F|  |TAMS 0x0000000088000000, 0x0000000088000000| Untracked 
| 129|0x0000000088100000, 0x0000000088200000, 0x0000000088200000|100%| O|  |TAMS 0x0000000088200000, 0x0000000088100000| Complete 
| 130|0x0000000088200000, 0x0000000088300000, 0x0000000088300000|100%| O|  |TAMS 0x0000000088300000, 0x0000000088200000| Complete 
| 131|0x0000000088300000, 0x0000000088300000, 0x0000000088400000|  0%| F|  |TAMS 0x0000000088300000, 0x0000000088300000| Untracked 
| 132|0x0000000088400000, 0x0000000088500000, 0x0000000088500000|100%| O|  |TAMS 0x0000000088500000, 0x0000000088400000| Complete 
| 133|0x0000000088500000, 0x0000000088500000, 0x0000000088600000|  0%| F|  |TAMS 0x0000000088500000, 0x0000000088500000| Untracked 
| 134|0x0000000088600000, 0x0000000088600000, 0x0000000088700000|  0%| F|  |TAMS 0x0000000088600000, 0x0000000088600000| Untracked 
| 135|0x0000000088700000, 0x0000000088800000, 0x0000000088800000|100%| O|  |TAMS 0x0000000088800000, 0x0000000088700000| Complete 
| 136|0x0000000088800000, 0x0000000088800000, 0x0000000088900000|  0%| F|  |TAMS 0x0000000088800000, 0x0000000088800000| Untracked 
| 137|0x0000000088900000, 0x0000000088900000, 0x0000000088a00000|  0%| F|  |TAMS 0x0000000088900000, 0x0000000088900000| Untracked 
| 138|0x0000000088a00000, 0x0000000088a00000, 0x0000000088b00000|  0%| F|  |TAMS 0x0000000088a00000, 0x0000000088a00000| Untracked 
| 139|0x0000000088b00000, 0x0000000088c00000, 0x0000000088c00000|100%| O|  |TAMS 0x0000000088c00000, 0x0000000088b00000| Complete 
| 140|0x0000000088c00000, 0x0000000088c00000, 0x0000000088d00000|  0%| F|  |TAMS 0x0000000088c00000, 0x0000000088c00000| Untracked 
| 141|0x0000000088d00000, 0x0000000088d00000, 0x0000000088e00000|  0%| F|  |TAMS 0x0000000088d00000, 0x0000000088d00000| Untracked 
| 142|0x0000000088e00000, 0x0000000088e00000, 0x0000000088f00000|  0%| F|  |TAMS 0x0000000088e00000, 0x0000000088e00000| Untracked 
| 143|0x0000000088f00000, 0x0000000088f00000, 0x0000000089000000|  0%| F|  |TAMS 0x0000000088f00000, 0x0000000088f00000| Untracked 
| 144|0x0000000089000000, 0x0000000089000000, 0x0000000089100000|  0%| F|  |TAMS 0x0000000089000000, 0x0000000089000000| Untracked 
| 145|0x0000000089100000, 0x0000000089100000, 0x0000000089200000|  0%| F|  |TAMS 0x0000000089100000, 0x0000000089100000| Untracked 
| 146|0x0000000089200000, 0x0000000089200000, 0x0000000089300000|  0%| F|  |TAMS 0x0000000089200000, 0x0000000089200000| Untracked 
| 147|0x0000000089300000, 0x0000000089300000, 0x0000000089400000|  0%| F|  |TAMS 0x0000000089300000, 0x0000000089300000| Untracked 
| 148|0x0000000089400000, 0x0000000089400000, 0x0000000089500000|  0%| F|  |TAMS 0x0000000089400000, 0x0000000089400000| Untracked 
| 149|0x0000000089500000, 0x0000000089500000, 0x0000000089600000|  0%| F|  |TAMS 0x0000000089500000, 0x0000000089500000| Untracked 
| 150|0x0000000089600000, 0x0000000089600000, 0x0000000089700000|  0%| F|  |TAMS 0x0000000089600000, 0x0000000089600000| Untracked 
| 151|0x0000000089700000, 0x0000000089700000, 0x0000000089800000|  0%| F|  |TAMS 0x0000000089700000, 0x0000000089700000| Untracked 
| 152|0x0000000089800000, 0x0000000089800000, 0x0000000089900000|  0%| F|  |TAMS 0x0000000089800000, 0x0000000089800000| Untracked 
| 153|0x0000000089900000, 0x0000000089900000, 0x0000000089a00000|  0%| F|  |TAMS 0x0000000089900000, 0x0000000089900000| Untracked 
| 154|0x0000000089a00000, 0x0000000089a00000, 0x0000000089b00000|  0%| F|  |TAMS 0x0000000089a00000, 0x0000000089a00000| Untracked 
| 155|0x0000000089b00000, 0x0000000089b00000, 0x0000000089c00000|  0%| F|  |TAMS 0x0000000089b00000, 0x0000000089b00000| Untracked 
| 156|0x0000000089c00000, 0x0000000089c00000, 0x0000000089d00000|  0%| F|  |TAMS 0x0000000089c00000, 0x0000000089c00000| Untracked 
| 157|0x0000000089d00000, 0x0000000089d00000, 0x0000000089e00000|  0%| F|  |TAMS 0x0000000089d00000, 0x0000000089d00000| Untracked 
| 158|0x0000000089e00000, 0x0000000089e00000, 0x0000000089f00000|  0%| F|  |TAMS 0x0000000089e00000, 0x0000000089e00000| Untracked 
| 159|0x0000000089f00000, 0x0000000089f00000, 0x000000008a000000|  0%| F|  |TAMS 0x0000000089f00000, 0x0000000089f00000| Untracked 
| 160|0x000000008a000000, 0x000000008a000000, 0x000000008a100000|  0%| F|  |TAMS 0x000000008a000000, 0x000000008a000000| Untracked 
| 161|0x000000008a100000, 0x000000008a100000, 0x000000008a200000|  0%| F|  |TAMS 0x000000008a100000, 0x000000008a100000| Untracked 
| 162|0x000000008a200000, 0x000000008a200000, 0x000000008a300000|  0%| F|  |TAMS 0x000000008a200000, 0x000000008a200000| Untracked 
| 163|0x000000008a300000, 0x000000008a300000, 0x000000008a400000|  0%| F|  |TAMS 0x000000008a300000, 0x000000008a300000| Untracked 
| 164|0x000000008a400000, 0x000000008a400000, 0x000000008a500000|  0%| F|  |TAMS 0x000000008a400000, 0x000000008a400000| Untracked 
| 165|0x000000008a500000, 0x000000008a5b5320, 0x000000008a600000| 70%| S|CS|TAMS 0x000000008a500000, 0x000000008a500000| Complete 
| 166|0x000000008a600000, 0x000000008a700000, 0x000000008a700000|100%| S|CS|TAMS 0x000000008a600000, 0x000000008a600000| Complete 
| 167|0x000000008a700000, 0x000000008a700000, 0x000000008a800000|  0%| F|  |TAMS 0x000000008a700000, 0x000000008a700000| Untracked 
| 168|0x000000008a800000, 0x000000008a800000, 0x000000008a900000|  0%| F|  |TAMS 0x000000008a800000, 0x000000008a800000| Untracked 
| 169|0x000000008a900000, 0x000000008a900000, 0x000000008aa00000|  0%| F|  |TAMS 0x000000008a900000, 0x000000008a900000| Untracked 
| 170|0x000000008aa00000, 0x000000008aa00000, 0x000000008ab00000|  0%| F|  |TAMS 0x000000008aa00000, 0x000000008aa00000| Untracked 
| 171|0x000000008ab00000, 0x000000008ab00000, 0x000000008ac00000|  0%| F|  |TAMS 0x000000008ab00000, 0x000000008ab00000| Untracked 
| 172|0x000000008ac00000, 0x000000008ac00000, 0x000000008ad00000|  0%| F|  |TAMS 0x000000008ac00000, 0x000000008ac00000| Untracked 
| 173|0x000000008ad00000, 0x000000008ad00000, 0x000000008ae00000|  0%| F|  |TAMS 0x000000008ad00000, 0x000000008ad00000| Untracked 
| 174|0x000000008ae00000, 0x000000008ae00000, 0x000000008af00000|  0%| F|  |TAMS 0x000000008ae00000, 0x000000008ae00000| Untracked 
| 175|0x000000008af00000, 0x000000008af00000, 0x000000008b000000|  0%| F|  |TAMS 0x000000008af00000, 0x000000008af00000| Untracked 
| 176|0x000000008b000000, 0x000000008b000000, 0x000000008b100000|  0%| F|  |TAMS 0x000000008b000000, 0x000000008b000000| Untracked 
| 177|0x000000008b100000, 0x000000008b1c2080, 0x000000008b200000| 75%| E|  |TAMS 0x000000008b100000, 0x000000008b100000| Complete 
| 178|0x000000008b200000, 0x000000008b300000, 0x000000008b300000|100%| E|CS|TAMS 0x000000008b200000, 0x000000008b200000| Complete 
| 179|0x000000008b300000, 0x000000008b400000, 0x000000008b400000|100%| E|CS|TAMS 0x000000008b300000, 0x000000008b300000| Complete 
| 180|0x000000008b400000, 0x000000008b500000, 0x000000008b500000|100%| E|CS|TAMS 0x000000008b400000, 0x000000008b400000| Complete 
| 181|0x000000008b500000, 0x000000008b600000, 0x000000008b600000|100%| E|CS|TAMS 0x000000008b500000, 0x000000008b500000| Complete 
| 182|0x000000008b600000, 0x000000008b700000, 0x000000008b700000|100%| E|CS|TAMS 0x000000008b600000, 0x000000008b600000| Complete 
| 183|0x000000008b700000, 0x000000008b800000, 0x000000008b800000|100%| E|CS|TAMS 0x000000008b700000, 0x000000008b700000| Complete 
| 184|0x000000008b800000, 0x000000008b900000, 0x000000008b900000|100%| E|CS|TAMS 0x000000008b800000, 0x000000008b800000| Complete 
| 185|0x000000008b900000, 0x000000008ba00000, 0x000000008ba00000|100%| E|CS|TAMS 0x000000008b900000, 0x000000008b900000| Complete 
| 186|0x000000008ba00000, 0x000000008bb00000, 0x000000008bb00000|100%| E|CS|TAMS 0x000000008ba00000, 0x000000008ba00000| Complete 
| 187|0x000000008bb00000, 0x000000008bc00000, 0x000000008bc00000|100%| E|CS|TAMS 0x000000008bb00000, 0x000000008bb00000| Complete 
| 188|0x000000008bc00000, 0x000000008bd00000, 0x000000008bd00000|100%| E|CS|TAMS 0x000000008bc00000, 0x000000008bc00000| Complete 
| 189|0x000000008bd00000, 0x000000008be00000, 0x000000008be00000|100%| E|CS|TAMS 0x000000008bd00000, 0x000000008bd00000| Complete 
| 190|0x000000008be00000, 0x000000008bf00000, 0x000000008bf00000|100%| E|CS|TAMS 0x000000008be00000, 0x000000008be00000| Complete 
| 191|0x000000008bf00000, 0x000000008c000000, 0x000000008c000000|100%| E|CS|TAMS 0x000000008bf00000, 0x000000008bf00000| Complete 
| 192|0x000000008c000000, 0x000000008c100000, 0x000000008c100000|100%| E|CS|TAMS 0x000000008c000000, 0x000000008c000000| Complete 
| 193|0x000000008c100000, 0x000000008c200000, 0x000000008c200000|100%| E|CS|TAMS 0x000000008c100000, 0x000000008c100000| Complete 
| 194|0x000000008c200000, 0x000000008c300000, 0x000000008c300000|100%| E|CS|TAMS 0x000000008c200000, 0x000000008c200000| Complete 
| 195|0x000000008c300000, 0x000000008c400000, 0x000000008c400000|100%| E|CS|TAMS 0x000000008c300000, 0x000000008c300000| Complete 
| 196|0x000000008c400000, 0x000000008c500000, 0x000000008c500000|100%| E|CS|TAMS 0x000000008c400000, 0x000000008c400000| Complete 

Card table byte_map: [0x0000024e17af0000,0x0000024e17ef0000] _byte_map_base: 0x0000024e176f0000

Marking Bits (Prev, Next): (CMBitMap*) 0x0000024e045dcea0, (CMBitMap*) 0x0000024e045dce68
 Prev Bits: [0x0000024e1a2f0000, 0x0000024e1c2f0000)
 Next Bits: [0x0000024e182f0000, 0x0000024e1a2f0000)

Polling page: 0x0000024e02bf0000

Metaspace:

Usage:
  Non-class:    104.02 MB capacity,   102.14 MB ( 98%) used,     1.52 MB (  1%) free+waste,   369.25 KB ( <1%) overhead. 
      Class:     15.36 MB capacity,    14.27 MB ( 93%) used,   959.17 KB (  6%) free+waste,   158.31 KB (  1%) overhead. 
       Both:    119.38 MB capacity,   116.40 MB ( 98%) used,     2.46 MB (  2%) free+waste,   527.56 KB ( <1%) overhead. 

Virtual space:
  Non-class space:      106.00 MB reserved,     104.17 MB ( 98%) committed 
      Class space:        1.00 GB reserved,      15.38 MB (  2%) committed 
             Both:        1.10 GB reserved,     119.54 MB ( 11%) committed 

Chunk freelists:
   Non-Class:  24.00 KB
       Class:  19.00 KB
        Both:  43.00 KB

MaxMetaspaceSize: 17179869184.00 GB
CompressedClassSpaceSize: 1.00 GB
Initial GC threshold: 20.80 MB
Current GC threshold: 197.99 MB
CDS: off

CodeHeap 'non-profiled nmethods': size=120064Kb used=12780Kb max_used=13142Kb free=107283Kb
 bounds [0x0000024e0fb80000, 0x0000024e10870000, 0x0000024e170c0000]
CodeHeap 'profiled nmethods': size=120000Kb used=40108Kb max_used=41042Kb free=79891Kb
 bounds [0x0000024e08650000, 0x0000024e0ae80000, 0x0000024e0fb80000]
CodeHeap 'non-nmethods': size=5696Kb used=2440Kb max_used=2487Kb free=3255Kb
 bounds [0x0000024e080c0000, 0x0000024e08350000, 0x0000024e08650000]
 total_blobs=18196 nmethods=17217 adapters=890
 compilation: enabled
              stopped_count=0, restarted_count=0
 full_count=0

Compilation events (20 events):
Event: 240.107 Thread 0x0000024e1e953000 nmethod 18957 0x0000024e101a6690 code [0x0000024e101a6820, 0x0000024e101a6878]
Event: 240.107 Thread 0x0000024e1f2f4000 nmethod 18967 0x0000024e0973b610 code [0x0000024e0973b7c0, 0x0000024e0973b948]
Event: 240.110 Thread 0x0000024e1f2f4000 18968       3       java.lang.reflect.Field::getRoot (5 bytes)
Event: 240.110 Thread 0x0000024e1f2f4000 nmethod 18968 0x0000024e08e1be10 code [0x0000024e08e1bfc0, 0x0000024e08e1c0d8]
Event: 240.110 Thread 0x0000024e1f2f4000 18969       3       jdk.internal.reflect.UnsafeFieldAccessorFactory::newFieldAccessor (676 bytes)
Event: 240.114 Thread 0x0000024e1f2f4000 nmethod 18969 0x0000024e08c53490 code [0x0000024e08c53ba0, 0x0000024e08c56ed8]
Event: 240.114 Thread 0x0000024e1f2f4000 18971       3       kotlin.reflect.jvm.internal.ReflectProperties$LazySoftVal::invoke (52 bytes)
Event: 240.115 Thread 0x0000024e1f2f4000 nmethod 18971 0x0000024e091cc310 code [0x0000024e091cc540, 0x0000024e091cce18]
Event: 240.115 Thread 0x0000024e1f2f4000 18972       3       kotlin.reflect.jvm.internal.impl.name.FqNameUnsafe$1::invoke (9 bytes)
Event: 240.115 Thread 0x0000024e1f2f4000 nmethod 18972 0x0000024e09a87b10 code [0x0000024e09a87d60, 0x0000024e09a88488]
Event: 240.115 Thread 0x0000024e1f2f4000 18973       3       kotlin.reflect.jvm.internal.impl.name.FqNameUnsafe$1::invoke (5 bytes)
Event: 240.116 Thread 0x0000024e1f2f4000 nmethod 18973 0x0000024e08d24710 code [0x0000024e08d24940, 0x0000024e08d24f08]
Event: 240.116 Thread 0x0000024e1f2f4000 18970       3       jdk.internal.reflect.FieldAccessorImpl::<init> (5 bytes)
Event: 240.116 Thread 0x0000024e1f2f4000 nmethod 18970 0x0000024e09236790 code [0x0000024e09236940, 0x0000024e09236af8]
Event: 240.116 Thread 0x0000024e1f2f4000 18976       3       jdk.internal.reflect.UnsafeFieldAccessorImpl::<init> (56 bytes)
Event: 240.117 Thread 0x0000024e1f2f4000 nmethod 18976 0x0000024e08b44a10 code [0x0000024e08b44c60, 0x0000024e08b45438]
Event: 240.117 Thread 0x0000024e1f2f4000 18977       3       jdk.internal.reflect.ReflectionFactory::newFieldAccessor (43 bytes)
Event: 240.117 Thread 0x0000024e1f2f4000 nmethod 18977 0x0000024e08b5a890 code [0x0000024e08b5aa80, 0x0000024e08b5ae18]
Event: 240.119 Thread 0x0000024e1e953000 18978       4       com.google.gson.stream.JsonReader::doPeek (744 bytes)
Event: 240.127 Thread 0x0000024e1e953000 nmethod 18978 0x0000024e10120010 code [0x0000024e10120280, 0x0000024e10120878]

GC Heap History (20 events):
Event: 233.270 GC heap before
{Heap before GC invocations=80 (full 0):
 garbage-first heap   total 157696K, used 139449K [0x0000000080000000, 0x0000000100000000)
  region size 1024K, 7 young (7168K), 1 survivors (1024K)
 Metaspace       used 112657K, capacity 115637K, committed 115884K, reserved 1150976K
  class space    used 13876K, capacity 14989K, committed 15104K, reserved 1048576K
}
Event: 233.275 GC heap after
{Heap after GC invocations=81 (full 0):
 garbage-first heap   total 157696K, used 134237K [0x0000000080000000, 0x0000000100000000)
  region size 1024K, 1 young (1024K), 1 survivors (1024K)
 Metaspace       used 112657K, capacity 115637K, committed 115884K, reserved 1150976K
  class space    used 13876K, capacity 14989K, committed 15104K, reserved 1048576K
}
Event: 233.463 GC heap before
{Heap before GC invocations=82 (full 0):
 garbage-first heap   total 157696K, used 140381K [0x0000000080000000, 0x0000000100000000)
  region size 1024K, 7 young (7168K), 1 survivors (1024K)
 Metaspace       used 112847K, capacity 115829K, committed 116140K, reserved 1150976K
  class space    used 13896K, capacity 14989K, committed 15104K, reserved 1048576K
}
Event: 233.468 GC heap after
{Heap after GC invocations=83 (full 0):
 garbage-first heap   total 157696K, used 134799K [0x0000000080000000, 0x0000000100000000)
  region size 1024K, 1 young (1024K), 1 survivors (1024K)
 Metaspace       used 112847K, capacity 115829K, committed 116140K, reserved 1150976K
  class space    used 13896K, capacity 14989K, committed 15104K, reserved 1048576K
}
Event: 233.699 GC heap before
{Heap before GC invocations=83 (full 0):
 garbage-first heap   total 157696K, used 140943K [0x0000000080000000, 0x0000000100000000)
  region size 1024K, 7 young (7168K), 1 survivors (1024K)
 Metaspace       used 112967K, capacity 115957K, committed 116140K, reserved 1150976K
  class space    used 13900K, capacity 14989K, committed 15104K, reserved 1048576K
}
Event: 233.714 GC heap after
{Heap after GC invocations=84 (full 0):
 garbage-first heap   total 157696K, used 123556K [0x0000000080000000, 0x0000000100000000)
  region size 1024K, 1 young (1024K), 1 survivors (1024K)
 Metaspace       used 112967K, capacity 115957K, committed 116140K, reserved 1150976K
  class space    used 13900K, capacity 14989K, committed 15104K, reserved 1048576K
}
Event: 233.857 GC heap before
{Heap before GC invocations=84 (full 0):
 garbage-first heap   total 157696K, used 128676K [0x0000000080000000, 0x0000000100000000)
  region size 1024K, 7 young (7168K), 1 survivors (1024K)
 Metaspace       used 112983K, capacity 115957K, committed 116140K, reserved 1150976K
  class space    used 13901K, capacity 14989K, committed 15104K, reserved 1048576K
}
Event: 233.882 GC heap after
{Heap after GC invocations=85 (full 0):
 garbage-first heap   total 157696K, used 127548K [0x0000000080000000, 0x0000000100000000)
  region size 1024K, 1 young (1024K), 1 survivors (1024K)
 Metaspace       used 112983K, capacity 115957K, committed 116140K, reserved 1150976K
  class space    used 13901K, capacity 14989K, committed 15104K, reserved 1048576K
}
Event: 233.899 GC heap before
{Heap before GC invocations=85 (full 0):
 garbage-first heap   total 157696K, used 127548K [0x0000000080000000, 0x0000000100000000)
  region size 1024K, 2 young (2048K), 1 survivors (1024K)
 Metaspace       used 112984K, capacity 115957K, committed 116140K, reserved 1150976K
  class space    used 13901K, capacity 14989K, committed 15104K, reserved 1048576K
}
Event: 233.908 GC heap after
{Heap after GC invocations=86 (full 0):
 garbage-first heap   total 157696K, used 128967K [0x0000000080000000, 0x0000000100000000)
  region size 1024K, 1 young (1024K), 1 survivors (1024K)
 Metaspace       used 112984K, capacity 115957K, committed 116140K, reserved 1150976K
  class space    used 13901K, capacity 14989K, committed 15104K, reserved 1048576K
}
Event: 234.893 GC heap before
{Heap before GC invocations=87 (full 0):
 garbage-first heap   total 157696K, used 151495K [0x0000000080000000, 0x0000000100000000)
  region size 1024K, 7 young (7168K), 1 survivors (1024K)
 Metaspace       used 113711K, capacity 116710K, committed 116908K, reserved 1150976K
  class space    used 13967K, capacity 15063K, committed 15104K, reserved 1048576K
}
Event: 234.900 GC heap after
{Heap after GC invocations=88 (full 0):
 garbage-first heap   total 157696K, used 132967K [0x0000000080000000, 0x0000000100000000)
  region size 1024K, 1 young (1024K), 1 survivors (1024K)
 Metaspace       used 113711K, capacity 116710K, committed 116908K, reserved 1150976K
  class space    used 13967K, capacity 15063K, committed 15104K, reserved 1048576K
}
Event: 235.192 GC heap before
{Heap before GC invocations=88 (full 0):
 garbage-first heap   total 157696K, used 138087K [0x0000000080000000, 0x0000000100000000)
  region size 1024K, 7 young (7168K), 1 survivors (1024K)
 Metaspace       used 114488K, capacity 117449K, committed 117548K, reserved 1150976K
  class space    used 14046K, capacity 15160K, committed 15232K, reserved 1048576K
}
Event: 235.207 GC heap after
{Heap after GC invocations=89 (full 0):
 garbage-first heap   total 201728K, used 126340K [0x0000000080000000, 0x0000000100000000)
  region size 1024K, 1 young (1024K), 1 survivors (1024K)
 Metaspace       used 114488K, capacity 117449K, committed 117548K, reserved 1150976K
  class space    used 14046K, capacity 15160K, committed 15232K, reserved 1048576K
}
Event: 236.761 GC heap before
{Heap before GC invocations=89 (full 0):
 garbage-first heap   total 201728K, used 148868K [0x0000000080000000, 0x0000000100000000)
  region size 1024K, 24 young (24576K), 1 survivors (1024K)
 Metaspace       used 115191K, capacity 118263K, committed 118444K, reserved 1153024K
  class space    used 14123K, capacity 15237K, committed 15360K, reserved 1048576K
}
Event: 236.767 GC heap after
{Heap after GC invocations=90 (full 0):
 garbage-first heap   total 201728K, used 128066K [0x0000000080000000, 0x0000000100000000)
  region size 1024K, 3 young (3072K), 3 survivors (3072K)
 Metaspace       used 115191K, capacity 118263K, committed 118444K, reserved 1153024K
  class space    used 14123K, capacity 15237K, committed 15360K, reserved 1048576K
}
Event: 238.963 GC heap before
{Heap before GC invocations=90 (full 0):
 garbage-first heap   total 201728K, used 151618K [0x0000000080000000, 0x0000000100000000)
  region size 1024K, 27 young (27648K), 3 survivors (3072K)
 Metaspace       used 115840K, capacity 118849K, committed 118956K, reserved 1153024K
  class space    used 14188K, capacity 15277K, committed 15360K, reserved 1048576K
}
Event: 238.971 GC heap after
{Heap after GC invocations=91 (full 0):
 garbage-first heap   total 201728K, used 129065K [0x0000000080000000, 0x0000000100000000)
  region size 1024K, 3 young (3072K), 3 survivors (3072K)
 Metaspace       used 115840K, capacity 118849K, committed 118956K, reserved 1153024K
  class space    used 14188K, capacity 15277K, committed 15360K, reserved 1048576K
}
Event: 239.694 GC heap before
{Heap before GC invocations=91 (full 0):
 garbage-first heap   total 201728K, used 155689K [0x0000000080000000, 0x0000000100000000)
  region size 1024K, 30 young (30720K), 3 survivors (3072K)
 Metaspace       used 117923K, capacity 120929K, committed 121004K, reserved 1155072K
  class space    used 14470K, capacity 15565K, committed 15616K, reserved 1048576K
}
Event: 239.706 GC heap after
{Heap after GC invocations=92 (full 0):
 garbage-first heap   total 201728K, used 129497K [0x0000000080000000, 0x0000000100000000)
  region size 1024K, 2 young (2048K), 2 survivors (2048K)
 Metaspace       used 117923K, capacity 120929K, committed 121004K, reserved 1155072K
  class space    used 14470K, capacity 15565K, committed 15616K, reserved 1048576K
}

Deoptimization events (20 events):
Event: 238.626 Thread 0x0000024e29e67000 Uncommon trap: trap_request=0xffffffde fr.pc=0x0000024e1084b1cc relative=0x000000000000018c
Event: 238.626 Thread 0x0000024e29e67000 Uncommon trap: reason=class_check action=maybe_recompile pc=0x0000024e1084b1cc method=com.google.common.collect.RegularImmutableMap.get(Ljava/lang/Object;[Lcom/google/common/collect/ImmutableMapEntry;I)Ljava/lang/Object; @ 54 c2
Event: 238.626 Thread 0x0000024e29e67000 DEOPT PACKING pc=0x0000024e1084b1cc sp=0x00000073348fdde0
Event: 238.626 Thread 0x0000024e29e67000 DEOPT UNPACKING pc=0x0000024e0810a1af sp=0x00000073348fdd08 mode 2
Event: 238.626 Thread 0x0000024e29e67000 Uncommon trap: trap_request=0xffffffde fr.pc=0x0000024e1084b1cc relative=0x000000000000018c
Event: 238.626 Thread 0x0000024e29e67000 Uncommon trap: reason=class_check action=maybe_recompile pc=0x0000024e1084b1cc method=com.google.common.collect.RegularImmutableMap.get(Ljava/lang/Object;[Lcom/google/common/collect/ImmutableMapEntry;I)Ljava/lang/Object; @ 54 c2
Event: 238.626 Thread 0x0000024e29e67000 DEOPT PACKING pc=0x0000024e1084b1cc sp=0x00000073348fdde0
Event: 238.626 Thread 0x0000024e29e67000 DEOPT UNPACKING pc=0x0000024e0810a1af sp=0x00000073348fdd08 mode 2
Event: 238.626 Thread 0x0000024e29e67000 Uncommon trap: trap_request=0xffffffde fr.pc=0x0000024e1084b1cc relative=0x000000000000018c
Event: 238.626 Thread 0x0000024e29e67000 Uncommon trap: reason=class_check action=maybe_recompile pc=0x0000024e1084b1cc method=com.google.common.collect.RegularImmutableMap.get(Ljava/lang/Object;[Lcom/google/common/collect/ImmutableMapEntry;I)Ljava/lang/Object; @ 54 c2
Event: 238.626 Thread 0x0000024e29e67000 DEOPT PACKING pc=0x0000024e1084b1cc sp=0x00000073348fdde0
Event: 238.626 Thread 0x0000024e29e67000 DEOPT UNPACKING pc=0x0000024e0810a1af sp=0x00000073348fdd08 mode 2
Event: 238.626 Thread 0x0000024e29e67000 Uncommon trap: trap_request=0xffffffde fr.pc=0x0000024e107abd0c relative=0x000000000000014c
Event: 238.626 Thread 0x0000024e29e67000 Uncommon trap: reason=class_check action=maybe_recompile pc=0x0000024e107abd0c method=com.google.common.collect.RegularImmutableMap.get(Ljava/lang/Object;[Lcom/google/common/collect/ImmutableMapEntry;I)Ljava/lang/Object; @ 54 c2
Event: 238.626 Thread 0x0000024e29e67000 DEOPT PACKING pc=0x0000024e107abd0c sp=0x00000073348fdd70
Event: 238.626 Thread 0x0000024e29e67000 DEOPT UNPACKING pc=0x0000024e0810a1af sp=0x00000073348fdd08 mode 2
Event: 239.228 Thread 0x0000024e29e64800 Uncommon trap: trap_request=0xffffff4d fr.pc=0x0000024e1008fb90 relative=0x0000000000000890
Event: 239.228 Thread 0x0000024e29e64800 Uncommon trap: reason=unstable_if action=reinterpret pc=0x0000024e1008fb90 method=java.util.jar.JarFile.getVersionedEntry(Ljava/lang/String;Ljava/util/jar/JarEntry;)Ljava/util/jar/JarEntry; @ 7 c2
Event: 239.228 Thread 0x0000024e29e64800 DEOPT PACKING pc=0x0000024e1008fb90 sp=0x0000007334af9eb0
Event: 239.228 Thread 0x0000024e29e64800 DEOPT UNPACKING pc=0x0000024e0810a1af sp=0x0000007334af9e90 mode 2

Classes redefined (0 events):
No events

Internal exceptions (20 events):
Event: 122.164 Thread 0x0000024e20c38800 Exception <a 'sun/nio/fs/WindowsException'{0x00000000897aa708}> (0x00000000897aa708) thrown at [./src/hotspot/share/prims/jni.cpp, line 616]
Event: 122.164 Thread 0x0000024e20c38800 Exception <a 'sun/nio/fs/WindowsException'{0x00000000897aa788}> (0x00000000897aa788) thrown at [./src/hotspot/share/prims/jni.cpp, line 616]
Event: 122.164 Thread 0x0000024e20c38800 Exception <a 'sun/nio/fs/WindowsException'{0x00000000897ac140}> (0x00000000897ac140) thrown at [./src/hotspot/share/prims/jni.cpp, line 616]
Event: 122.167 Thread 0x0000024e2629b800 Exception <a 'sun/nio/fs/WindowsException'{0x00000000897ba4a8}> (0x00000000897ba4a8) thrown at [./src/hotspot/share/prims/jni.cpp, line 616]
Event: 225.448 Thread 0x0000024e26299000 Implicit null exception at 0x0000024e10320545 to 0x0000024e10320854
Event: 225.449 Thread 0x0000024e26299000 Implicit null exception at 0x0000024e106f13b0 to 0x0000024e106f7204
Event: 228.481 Thread 0x0000024e26299000 Exception <a 'sun/nio/fs/WindowsException'{0x00000000896294d8}> (0x00000000896294d8) thrown at [./src/hotspot/share/prims/jni.cpp, line 616]
Event: 228.801 Thread 0x0000024e26299000 Exception <a 'java/lang/NoClassDefFoundError'{0x0000000089260fc0}: org/jetbrains/kotlin/gradle/plugin/KotlinBasePluginWrapper> (0x0000000089260fc0) thrown at [./src/hotspot/share/oops/constantPool.cpp, line 775]
Event: 228.882 Thread 0x0000024e26299000 Exception <a 'sun/nio/fs/WindowsException'{0x00000000891eedf8}> (0x00000000891eedf8) thrown at [./src/hotspot/share/prims/jni.cpp, line 616]
Event: 228.915 Thread 0x0000024e26299000 Exception <a 'sun/nio/fs/WindowsException'{0x0000000089092f70}> (0x0000000089092f70) thrown at [./src/hotspot/share/prims/jni.cpp, line 616]
Event: 228.915 Thread 0x0000024e26299000 Exception <a 'sun/nio/fs/WindowsException'{0x00000000890942e8}> (0x00000000890942e8) thrown at [./src/hotspot/share/prims/jni.cpp, line 616]
Event: 228.915 Thread 0x0000024e26299000 Exception <a 'sun/nio/fs/WindowsException'{0x00000000890956b0}> (0x00000000890956b0) thrown at [./src/hotspot/share/prims/jni.cpp, line 616]
Event: 228.916 Thread 0x0000024e26299000 Exception <a 'sun/nio/fs/WindowsException'{0x0000000089096a78}> (0x0000000089096a78) thrown at [./src/hotspot/share/prims/jni.cpp, line 616]
Event: 229.134 Thread 0x0000024e26299000 Exception <a 'sun/nio/fs/WindowsException'{0x0000000089807b20}> (0x0000000089807b20) thrown at [./src/hotspot/share/prims/jni.cpp, line 616]
Event: 233.434 Thread 0x0000024e29e5e000 Implicit null exception at 0x0000024e107a6e52 to 0x0000024e107a7769
Event: 234.313 Thread 0x0000024e29e5e000 Exception <a 'java/lang/NoSuchMethodError'{0x0000000089694800}: <clinit>> (0x0000000089694800) thrown at [./src/hotspot/share/prims/jni.cpp, line 1366]
Event: 234.327 Thread 0x0000024e29e5e000 Exception <a 'java/lang/NoSuchMethodError'{0x0000000089525650}: <clinit>> (0x0000000089525650) thrown at [./src/hotspot/share/prims/jni.cpp, line 1366]
Event: 238.761 Thread 0x0000024e29e6a000 Exception <a 'java/lang/NoSuchMethodError'{0x000000008b29b168}: <clinit>> (0x000000008b29b168) thrown at [./src/hotspot/share/prims/jni.cpp, line 1366]
Event: 238.766 Thread 0x0000024e29e6a000 Exception <a 'java/lang/NoSuchMethodError'{0x000000008b2d6588}: <clinit>> (0x000000008b2d6588) thrown at [./src/hotspot/share/prims/jni.cpp, line 1366]
Event: 238.767 Thread 0x0000024e29e6a000 Exception <a 'java/lang/NoSuchMethodError'{0x000000008b2e8f68}: <clinit>> (0x000000008b2e8f68) thrown at [./src/hotspot/share/prims/jni.cpp, line 1366]

Events (20 events):
Event: 240.145 loading class com/android/build/gradle/internal/services/Aapt2DaemonServiceKey
Event: 240.145 loading class com/android/build/gradle/internal/services/Aapt2DaemonServiceKey done
Event: 240.145 loading class com/android/builder/internal/aapt/v2/Aapt2DaemonManager
Event: 240.145 loading class com/android/builder/internal/aapt/v2/Aapt2DaemonManager done
Event: 240.145 loading class com/android/builder/internal/aapt/v2/Aapt2
Event: 240.145 loading class com/android/builder/internal/aapt/v2/Aapt2 done
Event: 240.148 loading class com/android/build/gradle/internal/services/Aapt2DaemonBuildService$getManager$1$1
Event: 240.148 loading class com/android/build/gradle/internal/services/Aapt2DaemonBuildService$getManager$1$1 done
Event: 240.149 loading class com/android/build/gradle/internal/services/Aapt2DaemonManagerMaintainer
Event: 240.149 loading class com/android/build/gradle/internal/services/Aapt2DaemonManagerMaintainer done
Event: 240.149 loading class com/android/builder/internal/aapt/v2/Aapt2DaemonManager$Listener
Event: 240.149 loading class com/android/builder/internal/aapt/v2/Aapt2DaemonManager$Listener done
Event: 240.181 loading class com/android/builder/internal/aapt/v2/Aapt2DaemonManager$leasingAapt2Daemon$1
Event: 240.181 loading class com/android/builder/internal/aapt/v2/Aapt2DaemonManager$leasingAapt2Daemon$1 done
Event: 240.189 loading class com/android/build/gradle/internal/services/Aapt2DaemonBuildService$getManager$2$1
Event: 240.189 loading class com/android/build/gradle/internal/services/Aapt2DaemonBuildService$getManager$2$1 done
Event: 240.189 loading class com/android/build/gradle/internal/services/PartialInProcessResourceProcessor
Event: 240.189 loading class com/android/build/gradle/internal/services/PartialInProcessResourceProcessor done
Event: 240.190 loading class com/android/builder/internal/aapt/AaptPackageConfig$Builder
Event: 240.190 loading class com/android/builder/internal/aapt/AaptPackageConfig$Builder done


Dynamic libraries:
0x00007ff768700000 - 0x00007ff76870a000 	C:\Program Files\Android\Android Studio\jre\bin\java.exe
0x00007fffa4d90000 - 0x00007fffa4f88000 	C:\WINDOWS\SYSTEM32\ntdll.dll
0x00007fffa4410000 - 0x00007fffa44cd000 	C:\WINDOWS\System32\KERNEL32.DLL
0x00007fffa28e0000 - 0x00007fffa2bb2000 	C:\WINDOWS\System32\KERNELBASE.dll
0x00007fffa24d0000 - 0x00007fffa25d0000 	C:\WINDOWS\System32\ucrtbase.dll
0x00007fff79e80000 - 0x00007fff79e97000 	C:\Program Files\Android\Android Studio\jre\bin\VCRUNTIME140.dll
0x00007fff946f0000 - 0x00007fff94709000 	C:\Program Files\Android\Android Studio\jre\bin\jli.dll
0x00007fffa4020000 - 0x00007fffa41bd000 	C:\WINDOWS\System32\USER32.dll
0x00007fffa2c30000 - 0x00007fffa2c52000 	C:\WINDOWS\System32\win32u.dll
0x00007fffa3930000 - 0x00007fffa395b000 	C:\WINDOWS\System32\GDI32.dll
0x00007fff8bfa0000 - 0x00007fff8c23a000 	C:\WINDOWS\WinSxS\amd64_microsoft.windows.common-controls_6595b64144ccf1df_6.0.19041.1110_none_60b5254171f9507e\COMCTL32.dll
0x00007fffa25d0000 - 0x00007fffa26df000 	C:\WINDOWS\System32\gdi32full.dll
0x00007fffa3bb0000 - 0x00007fffa3c4e000 	C:\WINDOWS\System32\msvcrt.dll
0x00007fffa2840000 - 0x00007fffa28dd000 	C:\WINDOWS\System32\msvcp_win.dll
0x00007fffa3260000 - 0x00007fffa3290000 	C:\WINDOWS\System32\IMM32.DLL
0x00007fff5c930000 - 0x00007fff5c9cd000 	C:\Program Files\Android\Android Studio\jre\bin\msvcp140.dll
0x00007fff5bc60000 - 0x00007fff5c762000 	C:\Program Files\Android\Android Studio\jre\bin\server\jvm.dll
0x00007fffa39e0000 - 0x00007fffa3a8e000 	C:\WINDOWS\System32\ADVAPI32.dll
0x00007fffa42b0000 - 0x00007fffa434c000 	C:\WINDOWS\System32\sechost.dll
0x00007fffa3290000 - 0x00007fffa33b5000 	C:\WINDOWS\System32\RPCRT4.dll
0x00007fffa4400000 - 0x00007fffa4408000 	C:\WINDOWS\System32\PSAPI.DLL
0x00007fff82290000 - 0x00007fff82299000 	C:\WINDOWS\SYSTEM32\WSOCK32.dll
0x00007fff887c0000 - 0x00007fff887e7000 	C:\WINDOWS\SYSTEM32\WINMM.dll
0x00007fff9c7b0000 - 0x00007fff9c7ba000 	C:\WINDOWS\SYSTEM32\VERSION.dll
0x00007fffa41c0000 - 0x00007fffa422b000 	C:\WINDOWS\System32\WS2_32.dll
0x00007fffa0340000 - 0x00007fffa0352000 	C:\WINDOWS\SYSTEM32\kernel.appcore.dll
0x00007fff79e60000 - 0x00007fff79e71000 	C:\Program Files\Android\Android Studio\jre\bin\verify.dll
0x00007fff959c0000 - 0x00007fff95ba4000 	C:\WINDOWS\SYSTEM32\DBGHELP.DLL
0x00007fff95cd0000 - 0x00007fff95cfc000 	C:\WINDOWS\SYSTEM32\dbgcore.DLL
0x00007fffa2d10000 - 0x00007fffa2d92000 	C:\WINDOWS\System32\bcryptPrimitives.dll
0x00007fff79da0000 - 0x00007fff79dc9000 	C:\Program Files\Android\Android Studio\jre\bin\java.dll
0x00007fff79e50000 - 0x00007fff79e5b000 	C:\Program Files\Android\Android Studio\jre\bin\jimage.dll
0x00007fff79d40000 - 0x00007fff79d58000 	C:\Program Files\Android\Android Studio\jre\bin\zip.dll
0x00007fffa4600000 - 0x00007fffa4d43000 	C:\WINDOWS\System32\SHELL32.dll
0x00007fffa0540000 - 0x00007fffa0cd1000 	C:\WINDOWS\SYSTEM32\windows.storage.dll
0x00007fffa3420000 - 0x00007fffa3774000 	C:\WINDOWS\System32\combase.dll
0x00007fffa1e20000 - 0x00007fffa1e50000 	C:\WINDOWS\SYSTEM32\Wldp.dll
0x00007fffa4350000 - 0x00007fffa43fd000 	C:\WINDOWS\System32\SHCORE.dll
0x00007fffa33c0000 - 0x00007fffa3415000 	C:\WINDOWS\System32\shlwapi.dll
0x00007fffa23e0000 - 0x00007fffa23ff000 	C:\WINDOWS\SYSTEM32\profapi.dll
0x00007fff75620000 - 0x00007fff7563a000 	C:\Program Files\Android\Android Studio\jre\bin\net.dll
0x00007fff9c810000 - 0x00007fff9c91d000 	C:\WINDOWS\SYSTEM32\WINHTTP.dll
0x00007fffa1b80000 - 0x00007fffa1bea000 	C:\WINDOWS\system32\mswsock.dll
0x00007fff75600000 - 0x00007fff75614000 	C:\Program Files\Android\Android Studio\jre\bin\nio.dll
0x00007fff9fb50000 - 0x00007fff9fb77000 	C:\Users\Admin\.gradle\native\e1d6ef7f7dcc3fd88c89a11ec53ec762bb8ba0a96d01ffa2cd45eb1d1d8dd5c5\windows-amd64\native-platform.dll
0x00007fff945a0000 - 0x00007fff946e4000 	C:\Users\Admin\.gradle\native\0d407fdbe67a94daf76414ababcb853783967236a71b16ec16e742cd7a986fd3\windows-amd64\native-platform-file-events.dll
0x00007fff90df0000 - 0x00007fff90dfa000 	C:\Program Files\Android\Android Studio\jre\bin\management.dll
0x00007fff7ff70000 - 0x00007fff7ff7d000 	C:\Program Files\Android\Android Studio\jre\bin\management_ext.dll
0x00007fffa1d70000 - 0x00007fffa1d88000 	C:\WINDOWS\SYSTEM32\CRYPTSP.dll
0x00007fffa14a0000 - 0x00007fffa14d4000 	C:\WINDOWS\system32\rsaenh.dll
0x00007fffa24a0000 - 0x00007fffa24c7000 	C:\WINDOWS\System32\bcrypt.dll
0x00007fffa23a0000 - 0x00007fffa23ce000 	C:\WINDOWS\SYSTEM32\USERENV.dll
0x00007fffa1d90000 - 0x00007fffa1d9c000 	C:\WINDOWS\SYSTEM32\CRYPTBASE.dll
0x00007fffa1870000 - 0x00007fffa18ab000 	C:\WINDOWS\SYSTEM32\IPHLPAPI.DLL
0x00007fffa39d0000 - 0x00007fffa39d8000 	C:\WINDOWS\System32\NSI.dll
0x00007fff9c0b0000 - 0x00007fff9c0c7000 	C:\WINDOWS\SYSTEM32\dhcpcsvc6.DLL
0x00007fff9cb50000 - 0x00007fff9cb6d000 	C:\WINDOWS\SYSTEM32\dhcpcsvc.DLL
0x00007fffa18b0000 - 0x00007fffa197a000 	C:\WINDOWS\SYSTEM32\DNSAPI.dll
0x00007fff79e00000 - 0x00007fff79e27000 	C:\Program Files\Android\Android Studio\jre\bin\sunec.dll
0x00007fff9a140000 - 0x00007fff9a14a000 	C:\Windows\System32\rasadhlp.dll
0x00007fff9a7a0000 - 0x00007fff9a820000 	C:\WINDOWS\System32\fwpuclnt.dll
0x00007fffa15c0000 - 0x00007fffa15f3000 	C:\WINDOWS\SYSTEM32\ntmarta.dll

dbghelp: loaded successfully - version: 4.0.5 - missing functions: none
symbol engine: initialized successfully - sym options: 0x614 - pdb path: .;C:\Program Files\Android\Android Studio\jre\bin;C:\WINDOWS\SYSTEM32;C:\WINDOWS\WinSxS\amd64_microsoft.windows.common-controls_6595b64144ccf1df_6.0.19041.1110_none_60b5254171f9507e;C:\Program Files\Android\Android Studio\jre\bin\server;C:\Users\Admin\.gradle\native\e1d6ef7f7dcc3fd88c89a11ec53ec762bb8ba0a96d01ffa2cd45eb1d1d8dd5c5\windows-amd64;C:\Users\Admin\.gradle\native\0d407fdbe67a94daf76414ababcb853783967236a71b16ec16e742cd7a986fd3\windows-amd64

VM Arguments:
jvm_args: --add-opens=java.base/java.util=ALL-UNNAMED --add-opens=java.base/java.lang=ALL-UNNAMED --add-opens=java.base/java.lang.invoke=ALL-UNNAMED --add-opens=java.base/java.util=ALL-UNNAMED --add-opens=java.prefs/java.util.prefs=ALL-UNNAMED --add-opens=java.prefs/java.util.prefs=ALL-UNNAMED --add-opens=java.base/java.nio.charset=ALL-UNNAMED --add-opens=java.base/java.net=ALL-UNNAMED --add-opens=java.base/java.util.concurrent.atomic=ALL-UNNAMED -Xmx2048m -Dfile.encoding=UTF-8 -Duser.country=US -Duser.language=en -Duser.variant 
java_command: org.gradle.launcher.daemon.bootstrap.GradleDaemon 7.4
java_class_path (initial): C:\Users\Admin\.gradle\wrapper\dists\gradle-7.4-bin\c0gwcg53nkjbqw7r0h0umtfvt\gradle-7.4\lib\gradle-launcher-7.4.jar
Launcher Type: SUN_STANDARD

[Global flags]
     intx CICompilerCount                          = 3                                         {product} {ergonomic}
     uint ConcGCThreads                            = 1                                         {product} {ergonomic}
     uint G1ConcRefinementThreads                  = 4                                         {product} {ergonomic}
   size_t G1HeapRegionSize                         = 1048576                                   {product} {ergonomic}
    uintx GCDrainStackTargetSize                   = 64                                        {product} {ergonomic}
   size_t InitialHeapSize                          = 134217728                                 {product} {ergonomic}
   size_t MarkStackSize                            = 4194304                                   {product} {ergonomic}
   size_t MaxHeapSize                              = 2147483648                                {product} {command line}
   size_t MaxNewSize                               = 1287651328                                {product} {ergonomic}
   size_t MinHeapDeltaBytes                        = 1048576                                   {product} {ergonomic}
    uintx NonNMethodCodeHeapSize                   = 5830732                                {pd product} {ergonomic}
    uintx NonProfiledCodeHeapSize                  = 122913754                              {pd product} {ergonomic}
    uintx ProfiledCodeHeapSize                     = 122913754                              {pd product} {ergonomic}
    uintx ReservedCodeCacheSize                    = 251658240                              {pd product} {ergonomic}
     bool SegmentedCodeCache                       = true                                      {product} {ergonomic}
     bool UseCompressedClassPointers               = true                                 {lp64_product} {ergonomic}
     bool UseCompressedOops                        = true                                 {lp64_product} {ergonomic}
     bool UseG1GC                                  = true                                      {product} {ergonomic}
     bool UseLargePagesIndividualAllocation        = false                                  {pd product} {ergonomic}

Logging:
Log output configuration:
 #0: stdout all=warning uptime,level,tags
 #1: stderr all=off uptime,level,tags

Environment Variables:
PATH=C:\Program Files\Common Files\Oracle\Java\javapath;C:\Program Files (x86)\Java\jdk1.8.0_144\bin;C:\WINDOWS\system32;C:\WINDOWS;C:\WINDOWS\System32\Wbem;C:\WINDOWS\System32\WindowsPowerShell\v1.0\;C:\WINDOWS\System32\OpenSSH\;C:\Program Files\Git\cmd;E:\;C:\Users\Admin\AppData\Local\Microsoft\WindowsApps;C:\Program Files (x86)\sqllit3;;E:\Microsoft VS Code\bin;C:\Users\Admin\AppData\Roaming\npm
USERNAME=Admin
OS=Windows_NT
PROCESSOR_IDENTIFIER=Intel64 Family 6 Model 58 Stepping 9, GenuineIntel



---------------  S Y S T E M  ---------------

OS: Windows 10 , 64 bit Build 19041 (10.0.19041.1889)
OS uptime: 0 days 0:20 hours

CPU:total 4 (initial active 4) (2 cores per cpu, 2 threads per core) family 6 model 58 stepping 9 microcode 0x21, cmov, cx8, fxsr, mmx, sse, sse2, sse3, ssse3, sse4.1, sse4.2, popcnt, avx, clmul, erms, ht, tsc, tscinvbit, tscinv

Memory: 4k page, system-wide physical 8070M (1116M free)
TotalPageFile size 16262M (AvailPageFile size 9295M)
current process WorkingSet (physical memory assigned to process): 517M, peak: 517M
current process commit charge ("private bytes"): 554M, peak: 565M

vm_info: OpenJDK 64-Bit Server VM (11.0.13+0-b1751.21-8125866) for windows-amd64 JRE (11.0.13+0-b1751.21-8125866), built on Feb  2 2022 03:00:22 by "builder" with MS VC++ 14.0 (VS2015)

END.
